{"c:\\Users\\Jake\\meng\\drone\\app.js":{"path":"c:\\Users\\Jake\\meng\\drone\\app.js","s":{"1":1,"2":1,"3":1,"4":1,"5":1,"6":1,"7":1,"8":1,"9":1,"10":1,"11":1,"12":1,"13":1,"14":1,"15":1,"16":1,"17":1,"18":1,"19":1,"20":1,"21":1,"22":1,"23":32,"24":32,"25":1,"26":31,"27":0,"28":31,"29":31,"30":30,"31":30,"32":30,"33":1,"34":1,"35":1,"36":1,"37":0,"38":0,"39":1,"40":1,"41":1,"42":1},"b":{"1":[1,31],"2":[0,31],"3":[30,1],"4":[1,1]},"f":{"1":32,"2":31,"3":1,"4":0,"5":1},"fnMap":{"1":{"name":"(anonymous_1)","line":70,"loc":{"start":{"line":70,"column":20},"end":{"line":70,"column":39}}},"2":{"name":"(anonymous_2)","line":77,"loc":{"start":{"line":77,"column":31},"end":{"line":77,"column":49}}},"3":{"name":"(anonymous_3)","line":89,"loc":{"start":{"line":89,"column":19},"end":{"line":89,"column":37}}},"4":{"name":"(anonymous_4)","line":95,"loc":{"start":{"line":95,"column":13},"end":{"line":95,"column":24}}},"5":{"name":"(anonymous_5)","line":103,"loc":{"start":{"line":103,"column":18},"end":{"line":103,"column":29}}}},"statementMap":{"1":{"start":{"line":3,"column":1},"end":{"line":3,"column":34}},"2":{"start":{"line":4,"column":1},"end":{"line":4,"column":41}},"3":{"start":{"line":5,"column":1},"end":{"line":5,"column":32}},"4":{"start":{"line":6,"column":1},"end":{"line":6,"column":45}},"5":{"start":{"line":7,"column":1},"end":{"line":7,"column":25}},"6":{"start":{"line":8,"column":1},"end":{"line":8,"column":30}},"7":{"start":{"line":9,"column":1},"end":{"line":9,"column":34}},"8":{"start":{"line":10,"column":1},"end":{"line":10,"column":42}},"9":{"start":{"line":11,"column":1},"end":{"line":11,"column":29}},"10":{"start":{"line":12,"column":1},"end":{"line":12,"column":26}},"11":{"start":{"line":14,"column":1},"end":{"line":14,"column":41}},"12":{"start":{"line":16,"column":1},"end":{"line":16,"column":83}},"13":{"start":{"line":18,"column":1},"end":{"line":18,"column":28}},"14":{"start":{"line":20,"column":1},"end":{"line":20,"column":21}},"15":{"start":{"line":21,"column":1},"end":{"line":21,"column":28}},"16":{"start":{"line":22,"column":1},"end":{"line":22,"column":52}},"17":{"start":{"line":26,"column":1},"end":{"line":26,"column":32}},"18":{"start":{"line":32,"column":1},"end":{"line":32,"column":55}},"19":{"start":{"line":34,"column":1},"end":{"line":39,"column":5}},"20":{"start":{"line":43,"column":1},"end":{"line":43,"column":42}},"21":{"start":{"line":44,"column":1},"end":{"line":44,"column":27}},"22":{"start":{"line":70,"column":1},"end":{"line":87,"column":4}},"23":{"start":{"line":71,"column":2},"end":{"line":71,"column":24}},"24":{"start":{"line":72,"column":2},"end":{"line":86,"column":3}},"25":{"start":{"line":73,"column":3},"end":{"line":73,"column":67}},"26":{"start":{"line":74,"column":9},"end":{"line":86,"column":3}},"27":{"start":{"line":75,"column":3},"end":{"line":75,"column":45}},"28":{"start":{"line":77,"column":3},"end":{"line":85,"column":6}},"29":{"start":{"line":78,"column":4},"end":{"line":84,"column":5}},"30":{"start":{"line":79,"column":5},"end":{"line":79,"column":42}},"31":{"start":{"line":80,"column":5},"end":{"line":80,"column":38}},"32":{"start":{"line":81,"column":5},"end":{"line":81,"column":55}},"33":{"start":{"line":83,"column":5},"end":{"line":83,"column":60}},"34":{"start":{"line":89,"column":1},"end":{"line":91,"column":4}},"35":{"start":{"line":90,"column":2},"end":{"line":90,"column":75}},"36":{"start":{"line":95,"column":1},"end":{"line":98,"column":13}},"37":{"start":{"line":96,"column":2},"end":{"line":96,"column":56}},"38":{"start":{"line":97,"column":2},"end":{"line":97,"column":84}},"39":{"start":{"line":102,"column":1},"end":{"line":102,"column":46}},"40":{"start":{"line":103,"column":1},"end":{"line":105,"column":4}},"41":{"start":{"line":104,"column":2},"end":{"line":104,"column":68}},"42":{"start":{"line":108,"column":1},"end":{"line":108,"column":22}}},"branchMap":{"1":{"line":72,"type":"if","locations":[{"start":{"line":72,"column":2},"end":{"line":72,"column":2}},{"start":{"line":72,"column":2},"end":{"line":72,"column":2}}]},"2":{"line":74,"type":"if","locations":[{"start":{"line":74,"column":9},"end":{"line":74,"column":9}},{"start":{"line":74,"column":9},"end":{"line":74,"column":9}}]},"3":{"line":78,"type":"if","locations":[{"start":{"line":78,"column":4},"end":{"line":78,"column":4}},{"start":{"line":78,"column":4},"end":{"line":78,"column":4}}]},"4":{"line":102,"type":"binary-expr","locations":[{"start":{"line":102,"column":12},"end":{"line":102,"column":37}},{"start":{"line":102,"column":41},"end":{"line":102,"column":45}}]}}},"c:\\Users\\Jake\\meng\\drone\\lib\\logger.js":{"path":"c:\\Users\\Jake\\meng\\drone\\lib\\logger.js","s":{"1":1,"2":1,"3":77,"4":1,"5":154,"6":1,"7":0,"8":1,"9":1},"b":{"1":[77,0],"2":[0,77],"3":[77,77]},"f":{"1":77,"2":154,"3":0},"fnMap":{"1":{"name":"nicerFormatter","line":4,"loc":{"start":{"line":4,"column":0},"end":{"line":4,"column":34}}},"2":{"name":"(anonymous_2)","line":15,"loc":{"start":{"line":15,"column":15},"end":{"line":15,"column":26}}},"3":{"name":"(anonymous_3)","line":24,"loc":{"start":{"line":24,"column":15},"end":{"line":24,"column":26}}}},"statementMap":{"1":{"start":{"line":1,"column":0},"end":{"line":1,"column":33}},"2":{"start":{"line":4,"column":0},"end":{"line":8,"column":1}},"3":{"start":{"line":6,"column":4},"end":{"line":7,"column":104}},"4":{"start":{"line":10,"column":0},"end":{"line":17,"column":3}},"5":{"start":{"line":15,"column":27},"end":{"line":15,"column":44}},"6":{"start":{"line":19,"column":0},"end":{"line":26,"column":3}},"7":{"start":{"line":24,"column":27},"end":{"line":24,"column":44}},"8":{"start":{"line":27,"column":0},"end":{"line":27,"column":26}},"9":{"start":{"line":81,"column":0},"end":{"line":81,"column":25}}},"branchMap":{"1":{"line":6,"type":"cond-expr","locations":[{"start":{"line":6,"column":104},"end":{"line":6,"column":119}},{"start":{"line":6,"column":122},"end":{"line":6,"column":124}}]},"2":{"line":7,"type":"cond-expr","locations":[{"start":{"line":7,"column":60},"end":{"line":7,"column":96}},{"start":{"line":7,"column":99},"end":{"line":7,"column":101}}]},"3":{"line":7,"type":"binary-expr","locations":[{"start":{"line":7,"column":9},"end":{"line":7,"column":21}},{"start":{"line":7,"column":25},"end":{"line":7,"column":57}}]}}},"c:\\Users\\Jake\\meng\\drone\\lib\\functions.js":{"path":"c:\\Users\\Jake\\meng\\drone\\lib\\functions.js","s":{"1":1,"2":1,"3":1,"4":1,"5":1,"6":1,"7":1,"8":1,"9":1,"10":1,"11":1,"12":1,"13":1,"14":1,"15":1,"16":1,"17":1,"18":1,"19":0,"20":0,"21":1,"22":1,"23":1,"24":0,"25":1,"26":1,"27":7,"28":1,"29":1,"30":1,"31":1,"32":1,"33":1,"34":1,"35":1,"36":1,"37":2,"38":2,"39":1,"40":1,"41":1,"42":1,"43":1,"44":2,"45":2,"46":1,"47":1,"48":1,"49":1,"50":1,"51":1,"52":1,"53":1,"54":1,"55":1,"56":1,"57":0,"58":0,"59":1,"60":1,"61":1,"62":1,"63":1,"64":0,"65":0,"66":1,"67":1,"68":1,"69":1,"70":1,"71":1,"72":1,"73":1,"74":1,"75":0,"76":0,"77":1,"78":1,"79":1,"80":1,"81":1,"82":0,"83":0,"84":1,"85":1,"86":1,"87":1,"88":2,"89":2,"90":2,"91":2,"92":2,"93":2,"94":2,"95":0,"96":0,"97":0,"98":0,"99":0,"100":0,"101":0,"102":0,"103":0,"104":0,"105":0,"106":0,"107":0,"108":0,"109":0,"110":0,"111":0,"112":0,"113":0,"114":0,"115":0,"116":0,"117":0,"118":1,"119":1,"120":1,"121":1,"122":1,"123":1,"124":1,"125":1,"126":0,"127":0,"128":0,"129":0,"130":0,"131":0,"132":0,"133":0,"134":0,"135":0,"136":0,"137":0,"138":0,"139":0,"140":0,"141":0,"142":0,"143":0,"144":0,"145":0,"146":0,"147":0,"148":0,"149":1,"150":4,"151":4,"152":4,"153":4,"154":4,"155":4,"156":1,"157":1,"158":1,"159":1,"160":0,"161":1,"162":1,"163":0,"164":4,"165":4,"166":4,"167":4,"168":4,"169":4,"170":4,"171":0,"172":0,"173":0,"174":4,"175":0,"176":0,"177":0,"178":4,"179":3,"180":0,"181":0,"182":4,"183":4,"184":4,"185":1,"186":2,"187":2,"188":2,"189":2,"190":2,"191":2,"192":0,"193":0,"194":0,"195":0,"196":2,"197":0,"198":0,"199":2,"200":0,"201":0,"202":2,"203":2,"204":1,"205":1,"206":1,"207":0,"208":0,"209":1,"210":92,"211":92,"212":1,"213":1,"214":1,"215":1,"216":0,"217":0,"218":1,"219":1,"220":1,"221":1,"222":0,"223":0,"224":1,"225":4,"226":4,"227":1,"228":1,"229":1,"230":1,"231":0,"232":0,"233":1,"234":1,"235":0,"236":0,"237":0,"238":0,"239":0,"240":0,"241":0,"242":0,"243":0,"244":1,"245":0,"246":0,"247":0,"248":0,"249":1,"250":0,"251":0,"252":0,"253":0,"254":0,"255":0,"256":0,"257":0,"258":0,"259":0,"260":0,"261":0,"262":0,"263":1,"264":0,"265":0,"266":0,"267":0,"268":0,"269":1,"270":1,"271":0,"272":1,"273":0,"274":0,"275":0,"276":0,"277":0,"278":0,"279":0,"280":0,"281":0,"282":0,"283":0,"284":1,"285":1,"286":31,"287":31,"288":31,"289":31,"290":31,"291":31,"292":0,"293":0,"294":31,"295":1,"296":1,"297":30,"298":30,"299":30,"300":30,"301":30,"302":30,"303":30,"304":30,"305":0,"306":1,"307":1,"308":1,"309":1,"310":1,"311":1,"312":1,"313":0,"314":0,"315":1,"316":1,"317":1,"318":1,"319":1,"320":0,"321":0,"322":0,"323":1,"324":1,"325":1,"326":1,"327":1,"328":1,"329":1,"330":0,"331":0,"332":0,"333":1,"334":1,"335":1,"336":0,"337":0,"338":0,"339":0,"340":0,"341":0,"342":0,"343":0,"344":0,"345":0,"346":0,"347":0,"348":1,"349":1,"350":1,"351":0,"352":1,"353":1,"354":1,"355":1,"356":1,"357":0,"358":0,"359":1,"360":0,"361":1,"362":1,"363":2,"364":2,"365":2,"366":1,"367":1,"368":1,"369":1,"370":0,"371":0,"372":1,"373":2,"374":2,"375":2,"376":1,"377":1,"378":1,"379":0,"380":1,"381":1,"382":0,"383":0,"384":1,"385":0,"386":0,"387":0,"388":0,"389":0,"390":0,"391":0,"392":0,"393":0,"394":0,"395":1,"396":0,"397":0,"398":1,"399":0,"400":0,"401":0,"402":0,"403":0,"404":0,"405":0,"406":0,"407":0,"408":0,"409":0,"410":1,"411":0,"412":0,"413":0,"414":0,"415":0,"416":0,"417":0,"418":0,"419":0,"420":1,"421":0,"422":0,"423":0,"424":0,"425":0,"426":0,"427":0,"428":1},"b":{"1":[0,1],"2":[1,6],"3":[1,1],"4":[1,1],"5":[0,1],"6":[0,1],"7":[0,1],"8":[0,1],"9":[2,0],"10":[0,0],"11":[0,0],"12":[0,0],"13":[0,0],"14":[1,0],"15":[0,0],"16":[0,0],"17":[0,0],"18":[0,0],"19":[4,0],"20":[4,2],"21":[1,3],"22":[0,1],"23":[0,1],"24":[4,0],"25":[0,4],"26":[0,4],"27":[3,1],"28":[2,0],"29":[2,1],"30":[0,2],"31":[0,2],"32":[0,1],"33":[0,1],"34":[0,1],"35":[0,1],"36":[0,0],"37":[0,0],"38":[0,0],"39":[0,0],"40":[0,0],"41":[0,0],"42":[0,1],"43":[0,0,0,0,0,0],"44":[0,31],"45":[1,30],"46":[30,0],"47":[1,0],"48":[1,1],"49":[1,0],"50":[0,1],"51":[1,1],"52":[0,1],"53":[0,1],"54":[0,0],"55":[0,0],"56":[1,0],"57":[0,1],"58":[0,1],"59":[1,1],"60":[1,0],"61":[1,0,1],"62":[1,1],"63":[0,1],"64":[1,0,0],"65":[1,0],"66":[1,1],"67":[0,0],"68":[0,0],"69":[0,0],"70":[0,0]},"f":{"1":2,"2":2,"3":1,"4":1,"5":1,"6":1,"7":1,"8":1,"9":1,"10":1,"11":1,"12":1,"13":2,"14":0,"15":0,"16":0,"17":1,"18":0,"19":0,"20":0,"21":4,"22":4,"23":0,"24":2,"25":2,"26":0,"27":1,"28":1,"29":92,"30":1,"31":1,"32":1,"33":1,"34":4,"35":1,"36":1,"37":0,"38":0,"39":0,"40":0,"41":0,"42":0,"43":0,"44":1,"45":0,"46":31,"47":31,"48":1,"49":1,"50":1,"51":1,"52":0,"53":0,"54":0,"55":1,"56":1,"57":1,"58":2,"59":2,"60":0,"61":0,"62":0,"63":0,"64":0,"65":0,"66":0,"67":0,"68":0,"69":0},"fnMap":{"1":{"name":"handleAudioUpload","line":68,"loc":{"start":{"line":68,"column":0},"end":{"line":68,"column":36}}},"2":{"name":"handleImageUpload","line":81,"loc":{"start":{"line":81,"column":0},"end":{"line":81,"column":37}}},"3":{"name":"insertImageIntoDatabase","line":96,"loc":{"start":{"line":96,"column":0},"end":{"line":96,"column":42}}},"4":{"name":"(anonymous_4)","line":103,"loc":{"start":{"line":103,"column":133},"end":{"line":103,"column":153}}},"5":{"name":"deleteImageFromDatabase","line":114,"loc":{"start":{"line":114,"column":0},"end":{"line":114,"column":42}}},"6":{"name":"(anonymous_6)","line":115,"loc":{"start":{"line":115,"column":55},"end":{"line":115,"column":78}}},"7":{"name":"(anonymous_7)","line":120,"loc":{"start":{"line":120,"column":82},"end":{"line":120,"column":92}}},"8":{"name":"insertAudioIntoDatabase","line":128,"loc":{"start":{"line":128,"column":0},"end":{"line":128,"column":42}}},"9":{"name":"(anonymous_9)","line":135,"loc":{"start":{"line":135,"column":135},"end":{"line":135,"column":155}}},"10":{"name":"deleteAudioFromDatabase","line":146,"loc":{"start":{"line":146,"column":0},"end":{"line":146,"column":42}}},"11":{"name":"(anonymous_11)","line":147,"loc":{"start":{"line":147,"column":54},"end":{"line":147,"column":77}}},"12":{"name":"(anonymous_12)","line":152,"loc":{"start":{"line":152,"column":81},"end":{"line":152,"column":91}}},"13":{"name":"retrieveLatestImage","line":160,"loc":{"start":{"line":160,"column":0},"end":{"line":160,"column":33}}},"14":{"name":"(anonymous_14)","line":176,"loc":{"start":{"line":176,"column":72},"end":{"line":176,"column":91}}},"15":{"name":"(anonymous_15)","line":186,"loc":{"start":{"line":186,"column":53},"end":{"line":186,"column":72}}},"16":{"name":"(anonymous_16)","line":195,"loc":{"start":{"line":195,"column":59},"end":{"line":195,"column":72}}},"17":{"name":"retrieveLatestAudio","line":208,"loc":{"start":{"line":208,"column":0},"end":{"line":208,"column":34}}},"18":{"name":"(anonymous_18)","line":225,"loc":{"start":{"line":225,"column":71},"end":{"line":225,"column":92}}},"19":{"name":"(anonymous_19)","line":235,"loc":{"start":{"line":235,"column":52},"end":{"line":235,"column":73}}},"20":{"name":"(anonymous_20)","line":244,"loc":{"start":{"line":244,"column":61},"end":{"line":244,"column":76}}},"21":{"name":"serveSensorData","line":257,"loc":{"start":{"line":257,"column":0},"end":{"line":257,"column":35}}},"22":{"name":"(anonymous_22)","line":296,"loc":{"start":{"line":296,"column":42},"end":{"line":296,"column":63}}},"23":{"name":"(anonymous_23)","line":308,"loc":{"start":{"line":308,"column":32},"end":{"line":308,"column":47}}},"24":{"name":"serveGPSData","line":321,"loc":{"start":{"line":321,"column":0},"end":{"line":321,"column":31}}},"25":{"name":"(anonymous_25)","line":336,"loc":{"start":{"line":336,"column":44},"end":{"line":336,"column":65}}},"26":{"name":"(anonymous_26)","line":347,"loc":{"start":{"line":347,"column":28},"end":{"line":347,"column":43}}},"27":{"name":"serveImagesInformation","line":359,"loc":{"start":{"line":359,"column":0},"end":{"line":359,"column":41}}},"28":{"name":"(anonymous_28)","line":360,"loc":{"start":{"line":360,"column":42},"end":{"line":360,"column":65}}},"29":{"name":"(anonymous_29)","line":365,"loc":{"start":{"line":365,"column":34},"end":{"line":365,"column":47}}},"30":{"name":"serveImage","line":374,"loc":{"start":{"line":374,"column":0},"end":{"line":374,"column":29}}},"31":{"name":"(anonymous_31)","line":375,"loc":{"start":{"line":375,"column":75},"end":{"line":375,"column":95}}},"32":{"name":"serveAudioInformation","line":385,"loc":{"start":{"line":385,"column":0},"end":{"line":385,"column":40}}},"33":{"name":"(anonymous_33)","line":386,"loc":{"start":{"line":386,"column":41},"end":{"line":386,"column":64}}},"34":{"name":"(anonymous_34)","line":391,"loc":{"start":{"line":391,"column":34},"end":{"line":391,"column":47}}},"35":{"name":"serveAudio","line":400,"loc":{"start":{"line":400,"column":0},"end":{"line":400,"column":29}}},"36":{"name":"(anonymous_36)","line":401,"loc":{"start":{"line":401,"column":74},"end":{"line":401,"column":94}}},"37":{"name":"classifyImage","line":412,"loc":{"start":{"line":412,"column":0},"end":{"line":412,"column":50}}},"38":{"name":"(anonymous_38)","line":418,"loc":{"start":{"line":418,"column":38},"end":{"line":418,"column":60}}},"39":{"name":"speechRecognition","line":470,"loc":{"start":{"line":470,"column":0},"end":{"line":470,"column":63}}},"40":{"name":"sendToSpeechRecognition","line":480,"loc":{"start":{"line":480,"column":0},"end":{"line":480,"column":54}}},"41":{"name":"(anonymous_41)","line":491,"loc":{"start":{"line":491,"column":35},"end":{"line":491,"column":57}}},"42":{"name":"analyseTone","line":508,"loc":{"start":{"line":508,"column":0},"end":{"line":508,"column":32}}},"43":{"name":"(anonymous_43)","line":513,"loc":{"start":{"line":513,"column":30},"end":{"line":513,"column":52}}},"44":{"name":"deviceStatusCallback","line":522,"loc":{"start":{"line":522,"column":0},"end":{"line":522,"column":79}}},"45":{"name":"processDroneUpdate","line":528,"loc":{"start":{"line":528,"column":0},"end":{"line":528,"column":47}}},"46":{"name":"checkUserCredentials","line":558,"loc":{"start":{"line":558,"column":0},"end":{"line":558,"column":52}}},"47":{"name":"(anonymous_47)","line":564,"loc":{"start":{"line":564,"column":67},"end":{"line":564,"column":90}}},"48":{"name":"insertUserCredentials","line":595,"loc":{"start":{"line":595,"column":0},"end":{"line":595,"column":40}}},"49":{"name":"(anonymous_49)","line":611,"loc":{"start":{"line":611,"column":78},"end":{"line":611,"column":91}}},"50":{"name":"deleteUserCredentials","line":624,"loc":{"start":{"line":624,"column":0},"end":{"line":624,"column":40}}},"51":{"name":"(anonymous_51)","line":630,"loc":{"start":{"line":630,"column":36},"end":{"line":630,"column":59}}},"52":{"name":"insertDroneCredentials","line":644,"loc":{"start":{"line":644,"column":0},"end":{"line":644,"column":44}}},"53":{"name":"(anonymous_53)","line":645,"loc":{"start":{"line":645,"column":36},"end":{"line":645,"column":61}}},"54":{"name":"(anonymous_54)","line":652,"loc":{"start":{"line":652,"column":91},"end":{"line":652,"column":104}}},"55":{"name":"requireLogin","line":665,"loc":{"start":{"line":665,"column":0},"end":{"line":665,"column":39}}},"56":{"name":"serveUserInformation","line":673,"loc":{"start":{"line":673,"column":0},"end":{"line":673,"column":39}}},"57":{"name":"(anonymous_57)","line":677,"loc":{"start":{"line":677,"column":70},"end":{"line":677,"column":93}}},"58":{"name":"validateJPEG","line":691,"loc":{"start":{"line":691,"column":0},"end":{"line":691,"column":31}}},"59":{"name":"validateAudioFile","line":707,"loc":{"start":{"line":707,"column":0},"end":{"line":707,"column":36}}},"60":{"name":"convertMP3toWAV","line":724,"loc":{"start":{"line":724,"column":0},"end":{"line":724,"column":64}}},"61":{"name":"(anonymous_61)","line":731,"loc":{"start":{"line":731,"column":25},"end":{"line":731,"column":41}}},"62":{"name":"(anonymous_62)","line":738,"loc":{"start":{"line":738,"column":25},"end":{"line":738,"column":35}}},"63":{"name":"onFormat","line":743,"loc":{"start":{"line":743,"column":4},"end":{"line":743,"column":29}}},"64":{"name":"testSpeechRecognition","line":753,"loc":{"start":{"line":753,"column":0},"end":{"line":753,"column":45}}},"65":{"name":"(anonymous_65)","line":764,"loc":{"start":{"line":764,"column":35},"end":{"line":764,"column":57}}},"66":{"name":"testImageRecognition","line":778,"loc":{"start":{"line":778,"column":0},"end":{"line":778,"column":51}}},"67":{"name":"(anonymous_67)","line":784,"loc":{"start":{"line":784,"column":38},"end":{"line":784,"column":60}}},"68":{"name":"createIndexes","line":795,"loc":{"start":{"line":795,"column":0},"end":{"line":795,"column":44}}},"69":{"name":"(anonymous_69)","line":807,"loc":{"start":{"line":807,"column":26},"end":{"line":807,"column":49}}}},"statementMap":{"1":{"start":{"line":1,"column":0},"end":{"line":1,"column":24}},"2":{"start":{"line":2,"column":0},"end":{"line":2,"column":29}},"3":{"start":{"line":3,"column":0},"end":{"line":3,"column":81}},"4":{"start":{"line":4,"column":0},"end":{"line":4,"column":33}},"5":{"start":{"line":5,"column":0},"end":{"line":5,"column":38}},"6":{"start":{"line":6,"column":0},"end":{"line":6,"column":38}},"7":{"start":{"line":7,"column":0},"end":{"line":7,"column":36}},"8":{"start":{"line":8,"column":0},"end":{"line":8,"column":41}},"9":{"start":{"line":9,"column":0},"end":{"line":9,"column":36}},"10":{"start":{"line":10,"column":0},"end":{"line":10,"column":28}},"11":{"start":{"line":11,"column":0},"end":{"line":11,"column":25}},"12":{"start":{"line":12,"column":0},"end":{"line":12,"column":31}},"13":{"start":{"line":16,"column":0},"end":{"line":16,"column":32}},"14":{"start":{"line":18,"column":0},"end":{"line":18,"column":21}},"15":{"start":{"line":19,"column":0},"end":{"line":19,"column":21}},"16":{"start":{"line":21,"column":0},"end":{"line":21,"column":27}},"17":{"start":{"line":23,"column":0},"end":{"line":23,"column":13}},"18":{"start":{"line":24,"column":0},"end":{"line":34,"column":1}},"19":{"start":{"line":25,"column":4},"end":{"line":25,"column":34}},"20":{"start":{"line":26,"column":4},"end":{"line":26,"column":53}},"21":{"start":{"line":28,"column":4},"end":{"line":33,"column":5}},"22":{"start":{"line":29,"column":8},"end":{"line":29,"column":38}},"23":{"start":{"line":30,"column":8},"end":{"line":30,"column":79}},"24":{"start":{"line":32,"column":8},"end":{"line":32,"column":24}},"25":{"start":{"line":40,"column":0},"end":{"line":40,"column":14}},"26":{"start":{"line":41,"column":0},"end":{"line":45,"column":1}},"27":{"start":{"line":42,"column":4},"end":{"line":44,"column":5}},"28":{"start":{"line":43,"column":8},"end":{"line":43,"column":56}},"29":{"start":{"line":48,"column":0},"end":{"line":48,"column":24}},"30":{"start":{"line":51,"column":0},"end":{"line":51,"column":60}},"31":{"start":{"line":57,"column":0},"end":{"line":57,"column":50}},"32":{"start":{"line":58,"column":0},"end":{"line":58,"column":66}},"33":{"start":{"line":59,"column":0},"end":{"line":59,"column":58}},"34":{"start":{"line":60,"column":0},"end":{"line":60,"column":46}},"35":{"start":{"line":65,"column":0},"end":{"line":65,"column":38}},"36":{"start":{"line":68,"column":0},"end":{"line":79,"column":1}},"37":{"start":{"line":69,"column":4},"end":{"line":69,"column":49}},"38":{"start":{"line":70,"column":4},"end":{"line":78,"column":5}},"39":{"start":{"line":71,"column":8},"end":{"line":71,"column":70}},"40":{"start":{"line":72,"column":8},"end":{"line":72,"column":33}},"41":{"start":{"line":75,"column":8},"end":{"line":75,"column":36}},"42":{"start":{"line":77,"column":8},"end":{"line":77,"column":42}},"43":{"start":{"line":81,"column":0},"end":{"line":93,"column":1}},"44":{"start":{"line":82,"column":4},"end":{"line":82,"column":44}},"45":{"start":{"line":83,"column":4},"end":{"line":92,"column":5}},"46":{"start":{"line":84,"column":8},"end":{"line":84,"column":64}},"47":{"start":{"line":85,"column":8},"end":{"line":85,"column":33}},"48":{"start":{"line":88,"column":8},"end":{"line":88,"column":36}},"49":{"start":{"line":89,"column":8},"end":{"line":89,"column":31}},"50":{"start":{"line":91,"column":8},"end":{"line":91,"column":42}},"51":{"start":{"line":96,"column":0},"end":{"line":112,"column":1}},"52":{"start":{"line":98,"column":4},"end":{"line":98,"column":51}},"53":{"start":{"line":99,"column":4},"end":{"line":99,"column":46}},"54":{"start":{"line":101,"column":4},"end":{"line":101,"column":80}},"55":{"start":{"line":103,"column":4},"end":{"line":111,"column":7}},"56":{"start":{"line":104,"column":8},"end":{"line":110,"column":9}},"57":{"start":{"line":105,"column":12},"end":{"line":105,"column":59}},"58":{"start":{"line":106,"column":12},"end":{"line":106,"column":58}},"59":{"start":{"line":108,"column":12},"end":{"line":108,"column":82}},"60":{"start":{"line":109,"column":12},"end":{"line":109,"column":66}},"61":{"start":{"line":114,"column":0},"end":{"line":126,"column":1}},"62":{"start":{"line":115,"column":4},"end":{"line":125,"column":7}},"63":{"start":{"line":116,"column":8},"end":{"line":124,"column":9}},"64":{"start":{"line":117,"column":12},"end":{"line":117,"column":72}},"65":{"start":{"line":118,"column":12},"end":{"line":118,"column":71}},"66":{"start":{"line":120,"column":12},"end":{"line":123,"column":15}},"67":{"start":{"line":121,"column":16},"end":{"line":121,"column":95}},"68":{"start":{"line":122,"column":16},"end":{"line":122,"column":69}},"69":{"start":{"line":128,"column":0},"end":{"line":144,"column":1}},"70":{"start":{"line":130,"column":4},"end":{"line":130,"column":52}},"71":{"start":{"line":131,"column":4},"end":{"line":131,"column":47}},"72":{"start":{"line":133,"column":4},"end":{"line":133,"column":82}},"73":{"start":{"line":135,"column":4},"end":{"line":143,"column":7}},"74":{"start":{"line":136,"column":8},"end":{"line":142,"column":9}},"75":{"start":{"line":137,"column":12},"end":{"line":137,"column":58}},"76":{"start":{"line":138,"column":12},"end":{"line":138,"column":58}},"77":{"start":{"line":140,"column":12},"end":{"line":140,"column":66}},"78":{"start":{"line":141,"column":12},"end":{"line":141,"column":66}},"79":{"start":{"line":146,"column":0},"end":{"line":158,"column":1}},"80":{"start":{"line":147,"column":4},"end":{"line":157,"column":7}},"81":{"start":{"line":148,"column":8},"end":{"line":156,"column":9}},"82":{"start":{"line":149,"column":12},"end":{"line":149,"column":71}},"83":{"start":{"line":150,"column":12},"end":{"line":150,"column":71}},"84":{"start":{"line":152,"column":12},"end":{"line":155,"column":15}},"85":{"start":{"line":153,"column":16},"end":{"line":153,"column":94}},"86":{"start":{"line":154,"column":16},"end":{"line":154,"column":69}},"87":{"start":{"line":160,"column":0},"end":{"line":206,"column":1}},"88":{"start":{"line":161,"column":4},"end":{"line":173,"column":5}},"89":{"start":{"line":162,"column":8},"end":{"line":172,"column":9}},"90":{"start":{"line":163,"column":12},"end":{"line":163,"column":57}},"91":{"start":{"line":164,"column":12},"end":{"line":164,"column":50}},"92":{"start":{"line":165,"column":12},"end":{"line":165,"column":38}},"93":{"start":{"line":166,"column":12},"end":{"line":166,"column":32}},"94":{"start":{"line":167,"column":12},"end":{"line":167,"column":19}},"95":{"start":{"line":169,"column":12},"end":{"line":169,"column":47}},"96":{"start":{"line":170,"column":12},"end":{"line":170,"column":36}},"97":{"start":{"line":171,"column":12},"end":{"line":171,"column":29}},"98":{"start":{"line":175,"column":4},"end":{"line":175,"column":46}},"99":{"start":{"line":176,"column":4},"end":{"line":205,"column":7}},"100":{"start":{"line":177,"column":8},"end":{"line":204,"column":9}},"101":{"start":{"line":178,"column":12},"end":{"line":178,"column":30}},"102":{"start":{"line":179,"column":12},"end":{"line":179,"column":51}},"103":{"start":{"line":181,"column":12},"end":{"line":184,"column":13}},"104":{"start":{"line":182,"column":16},"end":{"line":182,"column":68}},"105":{"start":{"line":183,"column":16},"end":{"line":183,"column":23}},"106":{"start":{"line":185,"column":12},"end":{"line":185,"column":43}},"107":{"start":{"line":186,"column":12},"end":{"line":203,"column":15}},"108":{"start":{"line":187,"column":16},"end":{"line":202,"column":17}},"109":{"start":{"line":188,"column":20},"end":{"line":188,"column":38}},"110":{"start":{"line":189,"column":20},"end":{"line":189,"column":54}},"111":{"start":{"line":191,"column":20},"end":{"line":191,"column":58}},"112":{"start":{"line":192,"column":20},"end":{"line":192,"column":35}},"113":{"start":{"line":193,"column":20},"end":{"line":193,"column":46}},"114":{"start":{"line":195,"column":20},"end":{"line":201,"column":23}},"115":{"start":{"line":196,"column":24},"end":{"line":200,"column":25}},"116":{"start":{"line":197,"column":28},"end":{"line":197,"column":46}},"117":{"start":{"line":199,"column":28},"end":{"line":199,"column":61}},"118":{"start":{"line":208,"column":0},"end":{"line":255,"column":1}},"119":{"start":{"line":210,"column":4},"end":{"line":222,"column":5}},"120":{"start":{"line":211,"column":8},"end":{"line":221,"column":9}},"121":{"start":{"line":212,"column":12},"end":{"line":212,"column":57}},"122":{"start":{"line":213,"column":12},"end":{"line":213,"column":51}},"123":{"start":{"line":214,"column":12},"end":{"line":214,"column":38}},"124":{"start":{"line":215,"column":12},"end":{"line":215,"column":32}},"125":{"start":{"line":216,"column":12},"end":{"line":216,"column":19}},"126":{"start":{"line":218,"column":12},"end":{"line":218,"column":47}},"127":{"start":{"line":219,"column":12},"end":{"line":219,"column":36}},"128":{"start":{"line":220,"column":12},"end":{"line":220,"column":29}},"129":{"start":{"line":224,"column":4},"end":{"line":224,"column":44}},"130":{"start":{"line":225,"column":4},"end":{"line":254,"column":7}},"131":{"start":{"line":226,"column":8},"end":{"line":253,"column":9}},"132":{"start":{"line":227,"column":12},"end":{"line":227,"column":30}},"133":{"start":{"line":228,"column":12},"end":{"line":228,"column":51}},"134":{"start":{"line":230,"column":12},"end":{"line":233,"column":13}},"135":{"start":{"line":231,"column":16},"end":{"line":231,"column":67}},"136":{"start":{"line":232,"column":16},"end":{"line":232,"column":23}},"137":{"start":{"line":234,"column":12},"end":{"line":234,"column":43}},"138":{"start":{"line":235,"column":12},"end":{"line":252,"column":15}},"139":{"start":{"line":236,"column":16},"end":{"line":251,"column":17}},"140":{"start":{"line":237,"column":20},"end":{"line":237,"column":38}},"141":{"start":{"line":238,"column":20},"end":{"line":238,"column":54}},"142":{"start":{"line":240,"column":20},"end":{"line":240,"column":59}},"143":{"start":{"line":241,"column":20},"end":{"line":241,"column":35}},"144":{"start":{"line":242,"column":20},"end":{"line":242,"column":46}},"145":{"start":{"line":244,"column":20},"end":{"line":250,"column":23}},"146":{"start":{"line":245,"column":24},"end":{"line":249,"column":25}},"147":{"start":{"line":246,"column":28},"end":{"line":246,"column":46}},"148":{"start":{"line":248,"column":28},"end":{"line":248,"column":63}},"149":{"start":{"line":257,"column":0},"end":{"line":319,"column":1}},"150":{"start":{"line":261,"column":4},"end":{"line":261,"column":54}},"151":{"start":{"line":262,"column":4},"end":{"line":262,"column":75}},"152":{"start":{"line":264,"column":4},"end":{"line":264,"column":25}},"153":{"start":{"line":265,"column":4},"end":{"line":271,"column":6}},"154":{"start":{"line":273,"column":4},"end":{"line":273,"column":31}},"155":{"start":{"line":274,"column":4},"end":{"line":287,"column":5}},"156":{"start":{"line":275,"column":8},"end":{"line":275,"column":26}},"157":{"start":{"line":276,"column":8},"end":{"line":276,"column":50}},"158":{"start":{"line":278,"column":8},"end":{"line":278,"column":38}},"159":{"start":{"line":279,"column":8},"end":{"line":281,"column":9}},"160":{"start":{"line":280,"column":12},"end":{"line":280,"column":75}},"161":{"start":{"line":283,"column":8},"end":{"line":283,"column":38}},"162":{"start":{"line":284,"column":8},"end":{"line":286,"column":9}},"163":{"start":{"line":285,"column":12},"end":{"line":285,"column":75}},"164":{"start":{"line":289,"column":4},"end":{"line":289,"column":36}},"165":{"start":{"line":290,"column":4},"end":{"line":292,"column":5}},"166":{"start":{"line":291,"column":8},"end":{"line":291,"column":22}},"167":{"start":{"line":293,"column":4},"end":{"line":293,"column":26}},"168":{"start":{"line":295,"column":4},"end":{"line":295,"column":39}},"169":{"start":{"line":296,"column":4},"end":{"line":317,"column":7}},"170":{"start":{"line":297,"column":8},"end":{"line":301,"column":9}},"171":{"start":{"line":298,"column":12},"end":{"line":298,"column":53}},"172":{"start":{"line":299,"column":12},"end":{"line":299,"column":62}},"173":{"start":{"line":300,"column":12},"end":{"line":300,"column":19}},"174":{"start":{"line":302,"column":8},"end":{"line":306,"column":9}},"175":{"start":{"line":303,"column":12},"end":{"line":303,"column":46}},"176":{"start":{"line":304,"column":12},"end":{"line":304,"column":49}},"177":{"start":{"line":305,"column":12},"end":{"line":305,"column":19}},"178":{"start":{"line":307,"column":8},"end":{"line":313,"column":9}},"179":{"start":{"line":308,"column":12},"end":{"line":312,"column":15}},"180":{"start":{"line":309,"column":16},"end":{"line":309,"column":31}},"181":{"start":{"line":310,"column":16},"end":{"line":310,"column":32}},"182":{"start":{"line":314,"column":8},"end":{"line":314,"column":70}},"183":{"start":{"line":315,"column":8},"end":{"line":315,"column":47}},"184":{"start":{"line":316,"column":8},"end":{"line":316,"column":35}},"185":{"start":{"line":321,"column":0},"end":{"line":357,"column":1}},"186":{"start":{"line":324,"column":4},"end":{"line":324,"column":54}},"187":{"start":{"line":325,"column":4},"end":{"line":325,"column":75}},"188":{"start":{"line":327,"column":4},"end":{"line":333,"column":6}},"189":{"start":{"line":335,"column":4},"end":{"line":335,"column":39}},"190":{"start":{"line":336,"column":4},"end":{"line":355,"column":7}},"191":{"start":{"line":337,"column":8},"end":{"line":342,"column":9}},"192":{"start":{"line":338,"column":12},"end":{"line":338,"column":54}},"193":{"start":{"line":339,"column":12},"end":{"line":339,"column":48}},"194":{"start":{"line":340,"column":12},"end":{"line":340,"column":62}},"195":{"start":{"line":341,"column":12},"end":{"line":341,"column":19}},"196":{"start":{"line":343,"column":8},"end":{"line":346,"column":9}},"197":{"start":{"line":344,"column":12},"end":{"line":344,"column":49}},"198":{"start":{"line":345,"column":12},"end":{"line":345,"column":19}},"199":{"start":{"line":347,"column":8},"end":{"line":351,"column":11}},"200":{"start":{"line":348,"column":12},"end":{"line":348,"column":27}},"201":{"start":{"line":349,"column":12},"end":{"line":349,"column":28}},"202":{"start":{"line":353,"column":8},"end":{"line":353,"column":47}},"203":{"start":{"line":354,"column":8},"end":{"line":354,"column":35}},"204":{"start":{"line":359,"column":0},"end":{"line":372,"column":1}},"205":{"start":{"line":360,"column":4},"end":{"line":371,"column":7}},"206":{"start":{"line":361,"column":8},"end":{"line":370,"column":9}},"207":{"start":{"line":362,"column":12},"end":{"line":362,"column":30}},"208":{"start":{"line":363,"column":12},"end":{"line":363,"column":52}},"209":{"start":{"line":365,"column":12},"end":{"line":368,"column":15}},"210":{"start":{"line":366,"column":16},"end":{"line":366,"column":33}},"211":{"start":{"line":367,"column":16},"end":{"line":367,"column":31}},"212":{"start":{"line":369,"column":12},"end":{"line":369,"column":48}},"213":{"start":{"line":374,"column":0},"end":{"line":383,"column":1}},"214":{"start":{"line":375,"column":4},"end":{"line":382,"column":7}},"215":{"start":{"line":376,"column":8},"end":{"line":381,"column":9}},"216":{"start":{"line":377,"column":12},"end":{"line":377,"column":42}},"217":{"start":{"line":378,"column":12},"end":{"line":378,"column":51}},"218":{"start":{"line":380,"column":12},"end":{"line":380,"column":74}},"219":{"start":{"line":385,"column":0},"end":{"line":398,"column":1}},"220":{"start":{"line":386,"column":4},"end":{"line":397,"column":7}},"221":{"start":{"line":387,"column":8},"end":{"line":396,"column":9}},"222":{"start":{"line":388,"column":12},"end":{"line":388,"column":30}},"223":{"start":{"line":389,"column":12},"end":{"line":389,"column":52}},"224":{"start":{"line":391,"column":12},"end":{"line":394,"column":15}},"225":{"start":{"line":392,"column":16},"end":{"line":392,"column":33}},"226":{"start":{"line":393,"column":16},"end":{"line":393,"column":31}},"227":{"start":{"line":395,"column":12},"end":{"line":395,"column":48}},"228":{"start":{"line":400,"column":0},"end":{"line":409,"column":1}},"229":{"start":{"line":401,"column":4},"end":{"line":408,"column":7}},"230":{"start":{"line":402,"column":8},"end":{"line":407,"column":9}},"231":{"start":{"line":403,"column":12},"end":{"line":403,"column":42}},"232":{"start":{"line":404,"column":12},"end":{"line":404,"column":51}},"233":{"start":{"line":406,"column":12},"end":{"line":406,"column":75}},"234":{"start":{"line":412,"column":0},"end":{"line":428,"column":1}},"235":{"start":{"line":413,"column":4},"end":{"line":413,"column":51}},"236":{"start":{"line":415,"column":4},"end":{"line":415,"column":44}},"237":{"start":{"line":416,"column":4},"end":{"line":416,"column":39}},"238":{"start":{"line":418,"column":4},"end":{"line":427,"column":7}},"239":{"start":{"line":419,"column":8},"end":{"line":426,"column":9}},"240":{"start":{"line":420,"column":12},"end":{"line":420,"column":54}},"241":{"start":{"line":422,"column":12},"end":{"line":422,"column":85}},"242":{"start":{"line":423,"column":12},"end":{"line":423,"column":50}},"243":{"start":{"line":424,"column":12},"end":{"line":424,"column":124}},"244":{"start":{"line":470,"column":0},"end":{"line":478,"column":1}},"245":{"start":{"line":471,"column":4},"end":{"line":471,"column":45}},"246":{"start":{"line":473,"column":4},"end":{"line":477,"column":5}},"247":{"start":{"line":474,"column":8},"end":{"line":474,"column":70}},"248":{"start":{"line":476,"column":8},"end":{"line":476,"column":52}},"249":{"start":{"line":480,"column":0},"end":{"line":506,"column":1}},"250":{"start":{"line":481,"column":4},"end":{"line":481,"column":55}},"251":{"start":{"line":483,"column":4},"end":{"line":487,"column":6}},"252":{"start":{"line":489,"column":4},"end":{"line":489,"column":47}},"253":{"start":{"line":491,"column":4},"end":{"line":505,"column":7}},"254":{"start":{"line":492,"column":8},"end":{"line":504,"column":9}},"255":{"start":{"line":493,"column":12},"end":{"line":493,"column":56}},"256":{"start":{"line":495,"column":12},"end":{"line":497,"column":13}},"257":{"start":{"line":496,"column":16},"end":{"line":496,"column":23}},"258":{"start":{"line":498,"column":12},"end":{"line":498,"column":75}},"259":{"start":{"line":499,"column":12},"end":{"line":499,"column":60}},"260":{"start":{"line":500,"column":12},"end":{"line":500,"column":103}},"261":{"start":{"line":501,"column":12},"end":{"line":503,"column":13}},"262":{"start":{"line":502,"column":16},"end":{"line":502,"column":40}},"263":{"start":{"line":508,"column":0},"end":{"line":520,"column":1}},"264":{"start":{"line":509,"column":4},"end":{"line":511,"column":6}},"265":{"start":{"line":513,"column":4},"end":{"line":519,"column":7}},"266":{"start":{"line":514,"column":8},"end":{"line":518,"column":9}},"267":{"start":{"line":515,"column":12},"end":{"line":515,"column":58}},"268":{"start":{"line":517,"column":12},"end":{"line":517,"column":42}},"269":{"start":{"line":522,"column":0},"end":{"line":526,"column":1}},"270":{"start":{"line":523,"column":4},"end":{"line":525,"column":5}},"271":{"start":{"line":524,"column":8},"end":{"line":524,"column":47}},"272":{"start":{"line":528,"column":0},"end":{"line":548,"column":1}},"273":{"start":{"line":530,"column":4},"end":{"line":547,"column":5}},"274":{"start":{"line":532,"column":12},"end":{"line":532,"column":60}},"275":{"start":{"line":533,"column":12},"end":{"line":533,"column":18}},"276":{"start":{"line":535,"column":12},"end":{"line":535,"column":38}},"277":{"start":{"line":536,"column":12},"end":{"line":536,"column":18}},"278":{"start":{"line":538,"column":12},"end":{"line":538,"column":43}},"279":{"start":{"line":539,"column":12},"end":{"line":539,"column":18}},"280":{"start":{"line":541,"column":12},"end":{"line":541,"column":42}},"281":{"start":{"line":542,"column":12},"end":{"line":542,"column":18}},"282":{"start":{"line":544,"column":12},"end":{"line":544,"column":18}},"283":{"start":{"line":546,"column":12},"end":{"line":546,"column":70}},"284":{"start":{"line":552,"column":0},"end":{"line":556,"column":3}},"285":{"start":{"line":558,"column":0},"end":{"line":593,"column":1}},"286":{"start":{"line":560,"column":8},"end":{"line":560,"column":65}},"287":{"start":{"line":561,"column":8},"end":{"line":561,"column":44}},"288":{"start":{"line":562,"column":8},"end":{"line":562,"column":26}},"289":{"start":{"line":563,"column":8},"end":{"line":563,"column":31}},"290":{"start":{"line":564,"column":8},"end":{"line":588,"column":11}},"291":{"start":{"line":565,"column":12},"end":{"line":568,"column":13}},"292":{"start":{"line":566,"column":16},"end":{"line":566,"column":62}},"293":{"start":{"line":567,"column":16},"end":{"line":567,"column":35}},"294":{"start":{"line":569,"column":12},"end":{"line":587,"column":13}},"295":{"start":{"line":570,"column":16},"end":{"line":570,"column":60}},"296":{"start":{"line":571,"column":16},"end":{"line":571,"column":35}},"297":{"start":{"line":573,"column":16},"end":{"line":573,"column":67}},"298":{"start":{"line":575,"column":16},"end":{"line":575,"column":44}},"299":{"start":{"line":577,"column":16},"end":{"line":577,"column":104}},"300":{"start":{"line":579,"column":16},"end":{"line":586,"column":17}},"301":{"start":{"line":580,"column":20},"end":{"line":580,"column":42}},"302":{"start":{"line":581,"column":20},"end":{"line":581,"column":61}},"303":{"start":{"line":582,"column":20},"end":{"line":582,"column":53}},"304":{"start":{"line":583,"column":20},"end":{"line":583,"column":39}},"305":{"start":{"line":585,"column":20},"end":{"line":585,"column":39}},"306":{"start":{"line":595,"column":0},"end":{"line":622,"column":1}},"307":{"start":{"line":597,"column":4},"end":{"line":597,"column":37}},"308":{"start":{"line":598,"column":4},"end":{"line":598,"column":37}},"309":{"start":{"line":599,"column":4},"end":{"line":599,"column":49}},"310":{"start":{"line":600,"column":4},"end":{"line":600,"column":47}},"311":{"start":{"line":601,"column":4},"end":{"line":601,"column":47}},"312":{"start":{"line":603,"column":4},"end":{"line":606,"column":5}},"313":{"start":{"line":604,"column":8},"end":{"line":604,"column":82}},"314":{"start":{"line":605,"column":8},"end":{"line":605,"column":15}},"315":{"start":{"line":608,"column":4},"end":{"line":608,"column":62}},"316":{"start":{"line":609,"column":4},"end":{"line":609,"column":53}},"317":{"start":{"line":610,"column":4},"end":{"line":610,"column":82}},"318":{"start":{"line":611,"column":4},"end":{"line":620,"column":7}},"319":{"start":{"line":612,"column":8},"end":{"line":619,"column":9}},"320":{"start":{"line":613,"column":12},"end":{"line":613,"column":62}},"321":{"start":{"line":614,"column":12},"end":{"line":614,"column":38}},"322":{"start":{"line":615,"column":12},"end":{"line":615,"column":76}},"323":{"start":{"line":617,"column":12},"end":{"line":617,"column":81}},"324":{"start":{"line":618,"column":12},"end":{"line":618,"column":81}},"325":{"start":{"line":624,"column":0},"end":{"line":642,"column":1}},"326":{"start":{"line":625,"column":4},"end":{"line":625,"column":39}},"327":{"start":{"line":629,"column":4},"end":{"line":629,"column":59}},"328":{"start":{"line":630,"column":4},"end":{"line":639,"column":7}},"329":{"start":{"line":631,"column":8},"end":{"line":638,"column":9}},"330":{"start":{"line":632,"column":12},"end":{"line":632,"column":62}},"331":{"start":{"line":633,"column":12},"end":{"line":633,"column":38}},"332":{"start":{"line":634,"column":12},"end":{"line":634,"column":57}},"333":{"start":{"line":636,"column":12},"end":{"line":636,"column":93}},"334":{"start":{"line":637,"column":12},"end":{"line":637,"column":83}},"335":{"start":{"line":644,"column":0},"end":{"line":663,"column":1}},"336":{"start":{"line":645,"column":4},"end":{"line":662,"column":7}},"337":{"start":{"line":646,"column":8},"end":{"line":650,"column":9}},"338":{"start":{"line":647,"column":12},"end":{"line":647,"column":61}},"339":{"start":{"line":648,"column":12},"end":{"line":648,"column":38}},"340":{"start":{"line":649,"column":12},"end":{"line":649,"column":25}},"341":{"start":{"line":651,"column":8},"end":{"line":651,"column":57}},"342":{"start":{"line":652,"column":8},"end":{"line":660,"column":11}},"343":{"start":{"line":653,"column":12},"end":{"line":659,"column":13}},"344":{"start":{"line":654,"column":16},"end":{"line":654,"column":75}},"345":{"start":{"line":655,"column":16},"end":{"line":655,"column":29}},"346":{"start":{"line":657,"column":16},"end":{"line":657,"column":121}},"347":{"start":{"line":658,"column":16},"end":{"line":658,"column":28}},"348":{"start":{"line":665,"column":0},"end":{"line":671,"column":1}},"349":{"start":{"line":666,"column":4},"end":{"line":670,"column":5}},"350":{"start":{"line":667,"column":8},"end":{"line":667,"column":31}},"351":{"start":{"line":669,"column":8},"end":{"line":669,"column":15}},"352":{"start":{"line":673,"column":0},"end":{"line":688,"column":1}},"353":{"start":{"line":674,"column":8},"end":{"line":674,"column":18}},"354":{"start":{"line":676,"column":8},"end":{"line":676,"column":107}},"355":{"start":{"line":677,"column":8},"end":{"line":686,"column":11}},"356":{"start":{"line":678,"column":12},"end":{"line":685,"column":13}},"357":{"start":{"line":679,"column":16},"end":{"line":679,"column":62}},"358":{"start":{"line":680,"column":16},"end":{"line":680,"column":64}},"359":{"start":{"line":681,"column":19},"end":{"line":685,"column":13}},"360":{"start":{"line":682,"column":16},"end":{"line":682,"column":55}},"361":{"start":{"line":684,"column":16},"end":{"line":684,"column":50}},"362":{"start":{"line":691,"column":0},"end":{"line":705,"column":1}},"363":{"start":{"line":692,"column":4},"end":{"line":692,"column":49}},"364":{"start":{"line":693,"column":4},"end":{"line":693,"column":33}},"365":{"start":{"line":694,"column":4},"end":{"line":697,"column":5}},"366":{"start":{"line":695,"column":8},"end":{"line":695,"column":54}},"367":{"start":{"line":696,"column":8},"end":{"line":696,"column":21}},"368":{"start":{"line":698,"column":4},"end":{"line":703,"column":5}},"369":{"start":{"line":699,"column":8},"end":{"line":699,"column":20}},"370":{"start":{"line":701,"column":8},"end":{"line":701,"column":55}},"371":{"start":{"line":702,"column":8},"end":{"line":702,"column":21}},"372":{"start":{"line":707,"column":0},"end":{"line":722,"column":1}},"373":{"start":{"line":708,"column":4},"end":{"line":708,"column":50}},"374":{"start":{"line":709,"column":4},"end":{"line":709,"column":32}},"375":{"start":{"line":710,"column":4},"end":{"line":713,"column":5}},"376":{"start":{"line":711,"column":8},"end":{"line":711,"column":58}},"377":{"start":{"line":712,"column":8},"end":{"line":712,"column":21}},"378":{"start":{"line":714,"column":4},"end":{"line":721,"column":5}},"379":{"start":{"line":715,"column":8},"end":{"line":715,"column":20}},"380":{"start":{"line":716,"column":11},"end":{"line":721,"column":5}},"381":{"start":{"line":717,"column":8},"end":{"line":717,"column":20}},"382":{"start":{"line":719,"column":8},"end":{"line":719,"column":73}},"383":{"start":{"line":720,"column":8},"end":{"line":720,"column":21}},"384":{"start":{"line":724,"column":0},"end":{"line":748,"column":1}},"385":{"start":{"line":726,"column":4},"end":{"line":726,"column":37}},"386":{"start":{"line":728,"column":4},"end":{"line":728,"column":53}},"387":{"start":{"line":729,"column":4},"end":{"line":729,"column":77}},"388":{"start":{"line":731,"column":4},"end":{"line":734,"column":7}},"389":{"start":{"line":732,"column":8},"end":{"line":732,"column":44}},"390":{"start":{"line":733,"column":8},"end":{"line":733,"column":49}},"391":{"start":{"line":736,"column":4},"end":{"line":736,"column":32}},"392":{"start":{"line":738,"column":4},"end":{"line":741,"column":7}},"393":{"start":{"line":739,"column":8},"end":{"line":739,"column":38}},"394":{"start":{"line":740,"column":8},"end":{"line":740,"column":70}},"395":{"start":{"line":743,"column":4},"end":{"line":746,"column":5}},"396":{"start":{"line":744,"column":8},"end":{"line":744,"column":44}},"397":{"start":{"line":745,"column":8},"end":{"line":745,"column":49}},"398":{"start":{"line":753,"column":0},"end":{"line":776,"column":1}},"399":{"start":{"line":755,"column":4},"end":{"line":755,"column":46}},"400":{"start":{"line":757,"column":4},"end":{"line":761,"column":6}},"401":{"start":{"line":762,"column":4},"end":{"line":762,"column":39}},"402":{"start":{"line":764,"column":4},"end":{"line":775,"column":7}},"403":{"start":{"line":765,"column":8},"end":{"line":774,"column":9}},"404":{"start":{"line":766,"column":12},"end":{"line":766,"column":55}},"405":{"start":{"line":768,"column":12},"end":{"line":770,"column":13}},"406":{"start":{"line":769,"column":16},"end":{"line":769,"column":23}},"407":{"start":{"line":771,"column":12},"end":{"line":771,"column":92}},"408":{"start":{"line":772,"column":12},"end":{"line":772,"column":75}},"409":{"start":{"line":773,"column":12},"end":{"line":773,"column":45}},"410":{"start":{"line":778,"column":0},"end":{"line":793,"column":1}},"411":{"start":{"line":779,"column":4},"end":{"line":779,"column":46}},"412":{"start":{"line":781,"column":4},"end":{"line":781,"column":39}},"413":{"start":{"line":782,"column":4},"end":{"line":782,"column":39}},"414":{"start":{"line":784,"column":4},"end":{"line":792,"column":7}},"415":{"start":{"line":785,"column":8},"end":{"line":791,"column":9}},"416":{"start":{"line":786,"column":12},"end":{"line":786,"column":54}},"417":{"start":{"line":788,"column":12},"end":{"line":788,"column":91}},"418":{"start":{"line":789,"column":12},"end":{"line":789,"column":50}},"419":{"start":{"line":790,"column":12},"end":{"line":790,"column":44}},"420":{"start":{"line":795,"column":0},"end":{"line":814,"column":1}},"421":{"start":{"line":796,"column":4},"end":{"line":796,"column":46}},"422":{"start":{"line":798,"column":4},"end":{"line":805,"column":6}},"423":{"start":{"line":807,"column":4},"end":{"line":813,"column":7}},"424":{"start":{"line":808,"column":8},"end":{"line":811,"column":9}},"425":{"start":{"line":809,"column":12},"end":{"line":809,"column":41}},"426":{"start":{"line":810,"column":12},"end":{"line":810,"column":19}},"427":{"start":{"line":812,"column":8},"end":{"line":812,"column":36}},"428":{"start":{"line":816,"column":0},"end":{"line":841,"column":2}}},"branchMap":{"1":{"line":24,"type":"if","locations":[{"start":{"line":24,"column":0},"end":{"line":24,"column":0}},{"start":{"line":24,"column":0},"end":{"line":24,"column":0}}]},"2":{"line":42,"type":"if","locations":[{"start":{"line":42,"column":4},"end":{"line":42,"column":4}},{"start":{"line":42,"column":4},"end":{"line":42,"column":4}}]},"3":{"line":70,"type":"if","locations":[{"start":{"line":70,"column":4},"end":{"line":70,"column":4}},{"start":{"line":70,"column":4},"end":{"line":70,"column":4}}]},"4":{"line":83,"type":"if","locations":[{"start":{"line":83,"column":4},"end":{"line":83,"column":4}},{"start":{"line":83,"column":4},"end":{"line":83,"column":4}}]},"5":{"line":104,"type":"if","locations":[{"start":{"line":104,"column":8},"end":{"line":104,"column":8}},{"start":{"line":104,"column":8},"end":{"line":104,"column":8}}]},"6":{"line":116,"type":"if","locations":[{"start":{"line":116,"column":8},"end":{"line":116,"column":8}},{"start":{"line":116,"column":8},"end":{"line":116,"column":8}}]},"7":{"line":136,"type":"if","locations":[{"start":{"line":136,"column":8},"end":{"line":136,"column":8}},{"start":{"line":136,"column":8},"end":{"line":136,"column":8}}]},"8":{"line":148,"type":"if","locations":[{"start":{"line":148,"column":8},"end":{"line":148,"column":8}},{"start":{"line":148,"column":8},"end":{"line":148,"column":8}}]},"9":{"line":161,"type":"if","locations":[{"start":{"line":161,"column":4},"end":{"line":161,"column":4}},{"start":{"line":161,"column":4},"end":{"line":161,"column":4}}]},"10":{"line":177,"type":"if","locations":[{"start":{"line":177,"column":8},"end":{"line":177,"column":8}},{"start":{"line":177,"column":8},"end":{"line":177,"column":8}}]},"11":{"line":181,"type":"if","locations":[{"start":{"line":181,"column":12},"end":{"line":181,"column":12}},{"start":{"line":181,"column":12},"end":{"line":181,"column":12}}]},"12":{"line":187,"type":"if","locations":[{"start":{"line":187,"column":16},"end":{"line":187,"column":16}},{"start":{"line":187,"column":16},"end":{"line":187,"column":16}}]},"13":{"line":196,"type":"if","locations":[{"start":{"line":196,"column":24},"end":{"line":196,"column":24}},{"start":{"line":196,"column":24},"end":{"line":196,"column":24}}]},"14":{"line":210,"type":"if","locations":[{"start":{"line":210,"column":4},"end":{"line":210,"column":4}},{"start":{"line":210,"column":4},"end":{"line":210,"column":4}}]},"15":{"line":226,"type":"if","locations":[{"start":{"line":226,"column":8},"end":{"line":226,"column":8}},{"start":{"line":226,"column":8},"end":{"line":226,"column":8}}]},"16":{"line":230,"type":"if","locations":[{"start":{"line":230,"column":12},"end":{"line":230,"column":12}},{"start":{"line":230,"column":12},"end":{"line":230,"column":12}}]},"17":{"line":236,"type":"if","locations":[{"start":{"line":236,"column":16},"end":{"line":236,"column":16}},{"start":{"line":236,"column":16},"end":{"line":236,"column":16}}]},"18":{"line":245,"type":"if","locations":[{"start":{"line":245,"column":24},"end":{"line":245,"column":24}},{"start":{"line":245,"column":24},"end":{"line":245,"column":24}}]},"19":{"line":261,"type":"binary-expr","locations":[{"start":{"line":261,"column":19},"end":{"line":261,"column":48}},{"start":{"line":261,"column":52},"end":{"line":261,"column":53}}]},"20":{"line":262,"type":"binary-expr","locations":[{"start":{"line":262,"column":20},"end":{"line":262,"column":50}},{"start":{"line":262,"column":54},"end":{"line":262,"column":74}}]},"21":{"line":274,"type":"if","locations":[{"start":{"line":274,"column":4},"end":{"line":274,"column":4}},{"start":{"line":274,"column":4},"end":{"line":274,"column":4}}]},"22":{"line":279,"type":"if","locations":[{"start":{"line":279,"column":8},"end":{"line":279,"column":8}},{"start":{"line":279,"column":8},"end":{"line":279,"column":8}}]},"23":{"line":284,"type":"if","locations":[{"start":{"line":284,"column":8},"end":{"line":284,"column":8}},{"start":{"line":284,"column":8},"end":{"line":284,"column":8}}]},"24":{"line":290,"type":"if","locations":[{"start":{"line":290,"column":4},"end":{"line":290,"column":4}},{"start":{"line":290,"column":4},"end":{"line":290,"column":4}}]},"25":{"line":297,"type":"if","locations":[{"start":{"line":297,"column":8},"end":{"line":297,"column":8}},{"start":{"line":297,"column":8},"end":{"line":297,"column":8}}]},"26":{"line":302,"type":"if","locations":[{"start":{"line":302,"column":8},"end":{"line":302,"column":8}},{"start":{"line":302,"column":8},"end":{"line":302,"column":8}}]},"27":{"line":307,"type":"if","locations":[{"start":{"line":307,"column":8},"end":{"line":307,"column":8}},{"start":{"line":307,"column":8},"end":{"line":307,"column":8}}]},"28":{"line":324,"type":"binary-expr","locations":[{"start":{"line":324,"column":19},"end":{"line":324,"column":48}},{"start":{"line":324,"column":52},"end":{"line":324,"column":53}}]},"29":{"line":325,"type":"binary-expr","locations":[{"start":{"line":325,"column":20},"end":{"line":325,"column":50}},{"start":{"line":325,"column":54},"end":{"line":325,"column":74}}]},"30":{"line":337,"type":"if","locations":[{"start":{"line":337,"column":8},"end":{"line":337,"column":8}},{"start":{"line":337,"column":8},"end":{"line":337,"column":8}}]},"31":{"line":343,"type":"if","locations":[{"start":{"line":343,"column":8},"end":{"line":343,"column":8}},{"start":{"line":343,"column":8},"end":{"line":343,"column":8}}]},"32":{"line":361,"type":"if","locations":[{"start":{"line":361,"column":8},"end":{"line":361,"column":8}},{"start":{"line":361,"column":8},"end":{"line":361,"column":8}}]},"33":{"line":376,"type":"if","locations":[{"start":{"line":376,"column":8},"end":{"line":376,"column":8}},{"start":{"line":376,"column":8},"end":{"line":376,"column":8}}]},"34":{"line":387,"type":"if","locations":[{"start":{"line":387,"column":8},"end":{"line":387,"column":8}},{"start":{"line":387,"column":8},"end":{"line":387,"column":8}}]},"35":{"line":402,"type":"if","locations":[{"start":{"line":402,"column":8},"end":{"line":402,"column":8}},{"start":{"line":402,"column":8},"end":{"line":402,"column":8}}]},"36":{"line":419,"type":"if","locations":[{"start":{"line":419,"column":8},"end":{"line":419,"column":8}},{"start":{"line":419,"column":8},"end":{"line":419,"column":8}}]},"37":{"line":473,"type":"if","locations":[{"start":{"line":473,"column":4},"end":{"line":473,"column":4}},{"start":{"line":473,"column":4},"end":{"line":473,"column":4}}]},"38":{"line":492,"type":"if","locations":[{"start":{"line":492,"column":8},"end":{"line":492,"column":8}},{"start":{"line":492,"column":8},"end":{"line":492,"column":8}}]},"39":{"line":495,"type":"if","locations":[{"start":{"line":495,"column":12},"end":{"line":495,"column":12}},{"start":{"line":495,"column":12},"end":{"line":495,"column":12}}]},"40":{"line":501,"type":"if","locations":[{"start":{"line":501,"column":12},"end":{"line":501,"column":12}},{"start":{"line":501,"column":12},"end":{"line":501,"column":12}}]},"41":{"line":514,"type":"if","locations":[{"start":{"line":514,"column":8},"end":{"line":514,"column":8}},{"start":{"line":514,"column":8},"end":{"line":514,"column":8}}]},"42":{"line":523,"type":"if","locations":[{"start":{"line":523,"column":4},"end":{"line":523,"column":4}},{"start":{"line":523,"column":4},"end":{"line":523,"column":4}}]},"43":{"line":530,"type":"switch","locations":[{"start":{"line":531,"column":8},"end":{"line":533,"column":18}},{"start":{"line":534,"column":8},"end":{"line":536,"column":18}},{"start":{"line":537,"column":8},"end":{"line":539,"column":18}},{"start":{"line":540,"column":8},"end":{"line":542,"column":18}},{"start":{"line":543,"column":8},"end":{"line":544,"column":18}},{"start":{"line":545,"column":8},"end":{"line":546,"column":70}}]},"44":{"line":565,"type":"if","locations":[{"start":{"line":565,"column":12},"end":{"line":565,"column":12}},{"start":{"line":565,"column":12},"end":{"line":565,"column":12}}]},"45":{"line":569,"type":"if","locations":[{"start":{"line":569,"column":12},"end":{"line":569,"column":12}},{"start":{"line":569,"column":12},"end":{"line":569,"column":12}}]},"46":{"line":579,"type":"if","locations":[{"start":{"line":579,"column":16},"end":{"line":579,"column":16}},{"start":{"line":579,"column":16},"end":{"line":579,"column":16}}]},"47":{"line":599,"type":"binary-expr","locations":[{"start":{"line":599,"column":21},"end":{"line":599,"column":40}},{"start":{"line":599,"column":44},"end":{"line":599,"column":48}}]},"48":{"line":600,"type":"binary-expr","locations":[{"start":{"line":600,"column":20},"end":{"line":600,"column":38}},{"start":{"line":600,"column":42},"end":{"line":600,"column":46}}]},"49":{"line":601,"type":"binary-expr","locations":[{"start":{"line":601,"column":15},"end":{"line":601,"column":28}},{"start":{"line":601,"column":32},"end":{"line":601,"column":46}}]},"50":{"line":603,"type":"if","locations":[{"start":{"line":603,"column":4},"end":{"line":603,"column":4}},{"start":{"line":603,"column":4},"end":{"line":603,"column":4}}]},"51":{"line":603,"type":"binary-expr","locations":[{"start":{"line":603,"column":8},"end":{"line":603,"column":30}},{"start":{"line":603,"column":34},"end":{"line":603,"column":56}}]},"52":{"line":612,"type":"if","locations":[{"start":{"line":612,"column":8},"end":{"line":612,"column":8}},{"start":{"line":612,"column":8},"end":{"line":612,"column":8}}]},"53":{"line":631,"type":"if","locations":[{"start":{"line":631,"column":8},"end":{"line":631,"column":8}},{"start":{"line":631,"column":8},"end":{"line":631,"column":8}}]},"54":{"line":646,"type":"if","locations":[{"start":{"line":646,"column":8},"end":{"line":646,"column":8}},{"start":{"line":646,"column":8},"end":{"line":646,"column":8}}]},"55":{"line":653,"type":"if","locations":[{"start":{"line":653,"column":12},"end":{"line":653,"column":12}},{"start":{"line":653,"column":12},"end":{"line":653,"column":12}}]},"56":{"line":666,"type":"if","locations":[{"start":{"line":666,"column":4},"end":{"line":666,"column":4}},{"start":{"line":666,"column":4},"end":{"line":666,"column":4}}]},"57":{"line":678,"type":"if","locations":[{"start":{"line":678,"column":12},"end":{"line":678,"column":12}},{"start":{"line":678,"column":12},"end":{"line":678,"column":12}}]},"58":{"line":681,"type":"if","locations":[{"start":{"line":681,"column":19},"end":{"line":681,"column":19}},{"start":{"line":681,"column":19},"end":{"line":681,"column":19}}]},"59":{"line":694,"type":"if","locations":[{"start":{"line":694,"column":4},"end":{"line":694,"column":4}},{"start":{"line":694,"column":4},"end":{"line":694,"column":4}}]},"60":{"line":698,"type":"if","locations":[{"start":{"line":698,"column":4},"end":{"line":698,"column":4}},{"start":{"line":698,"column":4},"end":{"line":698,"column":4}}]},"61":{"line":698,"type":"binary-expr","locations":[{"start":{"line":698,"column":9},"end":{"line":698,"column":26}},{"start":{"line":698,"column":28},"end":{"line":698,"column":46}},{"start":{"line":698,"column":51},"end":{"line":698,"column":76}}]},"62":{"line":710,"type":"if","locations":[{"start":{"line":710,"column":4},"end":{"line":710,"column":4}},{"start":{"line":710,"column":4},"end":{"line":710,"column":4}}]},"63":{"line":714,"type":"if","locations":[{"start":{"line":714,"column":4},"end":{"line":714,"column":4}},{"start":{"line":714,"column":4},"end":{"line":714,"column":4}}]},"64":{"line":714,"type":"binary-expr","locations":[{"start":{"line":714,"column":8},"end":{"line":714,"column":25}},{"start":{"line":714,"column":30},"end":{"line":714,"column":54}},{"start":{"line":714,"column":58},"end":{"line":714,"column":84}}]},"65":{"line":716,"type":"if","locations":[{"start":{"line":716,"column":11},"end":{"line":716,"column":11}},{"start":{"line":716,"column":11},"end":{"line":716,"column":11}}]},"66":{"line":716,"type":"binary-expr","locations":[{"start":{"line":716,"column":15},"end":{"line":716,"column":32}},{"start":{"line":716,"column":36},"end":{"line":716,"column":61}}]},"67":{"line":765,"type":"if","locations":[{"start":{"line":765,"column":8},"end":{"line":765,"column":8}},{"start":{"line":765,"column":8},"end":{"line":765,"column":8}}]},"68":{"line":768,"type":"if","locations":[{"start":{"line":768,"column":12},"end":{"line":768,"column":12}},{"start":{"line":768,"column":12},"end":{"line":768,"column":12}}]},"69":{"line":785,"type":"if","locations":[{"start":{"line":785,"column":8},"end":{"line":785,"column":8}},{"start":{"line":785,"column":8},"end":{"line":785,"column":8}}]},"70":{"line":808,"type":"if","locations":[{"start":{"line":808,"column":8},"end":{"line":808,"column":8}},{"start":{"line":808,"column":8},"end":{"line":808,"column":8}}]}}},"c:\\Users\\Jake\\meng\\drone\\lib\\drone_interpret_and_control\\drone_interpret_and_control.js":{"path":"c:\\Users\\Jake\\meng\\drone\\lib\\drone_interpret_and_control\\drone_interpret_and_control.js","s":{"1":1,"2":1,"3":1,"4":1,"5":1,"6":1,"7":1,"8":1,"9":1,"10":1,"11":1,"12":1,"13":3,"14":3,"15":3,"16":3,"17":3,"18":3,"19":3,"20":1,"21":8,"22":1,"23":12,"24":3,"25":3,"26":9,"27":9,"28":9,"29":7,"30":9,"31":9,"32":3,"33":3,"34":4,"35":4,"36":1,"37":1,"38":1,"39":1,"40":0,"41":1,"42":27,"43":0,"44":0,"45":27,"46":27,"47":3,"48":3,"49":0,"50":0,"51":0,"52":0,"53":27,"54":27,"55":6,"56":0,"57":27,"58":27,"59":1,"60":1,"61":1,"62":1,"63":1,"64":1,"65":2,"66":1,"67":1,"68":1,"69":1,"70":1,"71":0,"72":0,"73":1,"74":3,"75":3,"76":3,"77":3,"78":3,"79":3,"80":3,"81":3,"82":1,"83":0,"84":1,"85":1,"86":1,"87":1},"b":{"1":[3,9],"2":[7,2],"3":[3,4,1,1,0],"4":[0,27],"5":[3,24],"6":[3,0],"7":[3,3],"8":[0,0],"9":[0,0],"10":[0,0],"11":[0,6],"12":[1,1],"13":[1,0],"14":[1,1],"15":[3,0],"16":[3,0],"17":[3,0]},"f":{"1":3,"2":8,"3":12,"4":27,"5":1,"6":0,"7":3,"8":0,"9":1},"fnMap":{"1":{"name":"InterpretAndControl","line":22,"loc":{"start":{"line":22,"column":0},"end":{"line":22,"column":44}}},"2":{"name":"(anonymous_2)","line":38,"loc":{"start":{"line":38,"column":44},"end":{"line":38,"column":54}}},"3":{"name":"(anonymous_3)","line":42,"loc":{"start":{"line":42,"column":40},"end":{"line":42,"column":58}}},"4":{"name":"(anonymous_4)","line":74,"loc":{"start":{"line":74,"column":52},"end":{"line":74,"column":67}}},"5":{"name":"(anonymous_5)","line":112,"loc":{"start":{"line":112,"column":51},"end":{"line":112,"column":85}}},"6":{"name":"(anonymous_6)","line":131,"loc":{"start":{"line":131,"column":56},"end":{"line":131,"column":93}}},"7":{"name":"(anonymous_7)","line":141,"loc":{"start":{"line":141,"column":53},"end":{"line":141,"column":77}}},"8":{"name":"(anonymous_8)","line":192,"loc":{"start":{"line":192,"column":37},"end":{"line":192,"column":47}}},"9":{"name":"(anonymous_9)","line":196,"loc":{"start":{"line":196,"column":47},"end":{"line":196,"column":57}}}},"statementMap":{"1":{"start":{"line":4,"column":0},"end":{"line":4,"column":43}},"2":{"start":{"line":5,"column":0},"end":{"line":5,"column":47}},"3":{"start":{"line":6,"column":0},"end":{"line":6,"column":39}},"4":{"start":{"line":7,"column":0},"end":{"line":7,"column":49}},"5":{"start":{"line":8,"column":0},"end":{"line":8,"column":32}},"6":{"start":{"line":13,"column":0},"end":{"line":13,"column":20}},"7":{"start":{"line":14,"column":0},"end":{"line":14,"column":24}},"8":{"start":{"line":15,"column":0},"end":{"line":15,"column":28}},"9":{"start":{"line":16,"column":0},"end":{"line":16,"column":30}},"10":{"start":{"line":17,"column":0},"end":{"line":17,"column":24}},"11":{"start":{"line":18,"column":0},"end":{"line":18,"column":22}},"12":{"start":{"line":22,"column":0},"end":{"line":36,"column":1}},"13":{"start":{"line":23,"column":4},"end":{"line":23,"column":29}},"14":{"start":{"line":24,"column":4},"end":{"line":24,"column":21}},"15":{"start":{"line":26,"column":4},"end":{"line":26,"column":64}},"16":{"start":{"line":29,"column":4},"end":{"line":29,"column":26}},"17":{"start":{"line":30,"column":4},"end":{"line":30,"column":41}},"18":{"start":{"line":31,"column":4},"end":{"line":31,"column":38}},"19":{"start":{"line":34,"column":4},"end":{"line":34,"column":53}},"20":{"start":{"line":38,"column":0},"end":{"line":40,"column":2}},"21":{"start":{"line":39,"column":4},"end":{"line":39,"column":35}},"22":{"start":{"line":42,"column":0},"end":{"line":72,"column":2}},"23":{"start":{"line":44,"column":4},"end":{"line":47,"column":5}},"24":{"start":{"line":45,"column":8},"end":{"line":45,"column":56}},"25":{"start":{"line":46,"column":8},"end":{"line":46,"column":15}},"26":{"start":{"line":48,"column":4},"end":{"line":48,"column":44}},"27":{"start":{"line":49,"column":4},"end":{"line":49,"column":39}},"28":{"start":{"line":51,"column":4},"end":{"line":53,"column":5}},"29":{"start":{"line":52,"column":8},"end":{"line":52,"column":38}},"30":{"start":{"line":55,"column":4},"end":{"line":55,"column":34}},"31":{"start":{"line":56,"column":4},"end":{"line":71,"column":5}},"32":{"start":{"line":58,"column":12},"end":{"line":58,"column":72}},"33":{"start":{"line":59,"column":12},"end":{"line":59,"column":18}},"34":{"start":{"line":61,"column":12},"end":{"line":61,"column":70}},"35":{"start":{"line":62,"column":12},"end":{"line":62,"column":18}},"36":{"start":{"line":64,"column":12},"end":{"line":64,"column":74}},"37":{"start":{"line":65,"column":12},"end":{"line":65,"column":18}},"38":{"start":{"line":67,"column":12},"end":{"line":67,"column":75}},"39":{"start":{"line":68,"column":12},"end":{"line":68,"column":18}},"40":{"start":{"line":70,"column":12},"end":{"line":70,"column":56}},"41":{"start":{"line":74,"column":0},"end":{"line":110,"column":2}},"42":{"start":{"line":77,"column":4},"end":{"line":80,"column":5}},"43":{"start":{"line":78,"column":8},"end":{"line":78,"column":50}},"44":{"start":{"line":79,"column":8},"end":{"line":79,"column":54}},"45":{"start":{"line":81,"column":4},"end":{"line":81,"column":56}},"46":{"start":{"line":83,"column":4},"end":{"line":91,"column":5}},"47":{"start":{"line":84,"column":8},"end":{"line":90,"column":9}},"48":{"start":{"line":85,"column":12},"end":{"line":85,"column":32}},"49":{"start":{"line":86,"column":15},"end":{"line":90,"column":9}},"50":{"start":{"line":87,"column":12},"end":{"line":87,"column":34}},"51":{"start":{"line":88,"column":15},"end":{"line":90,"column":9}},"52":{"start":{"line":89,"column":12},"end":{"line":89,"column":32}},"53":{"start":{"line":94,"column":4},"end":{"line":94,"column":51}},"54":{"start":{"line":96,"column":4},"end":{"line":100,"column":5}},"55":{"start":{"line":97,"column":8},"end":{"line":99,"column":9}},"56":{"start":{"line":98,"column":12},"end":{"line":98,"column":38}},"57":{"start":{"line":101,"column":4},"end":{"line":109,"column":5}},"58":{"start":{"line":102,"column":8},"end":{"line":106,"column":9}},"59":{"start":{"line":103,"column":12},"end":{"line":103,"column":32}},"60":{"start":{"line":104,"column":15},"end":{"line":106,"column":9}},"61":{"start":{"line":105,"column":12},"end":{"line":105,"column":32}},"62":{"start":{"line":112,"column":0},"end":{"line":129,"column":2}},"63":{"start":{"line":113,"column":4},"end":{"line":113,"column":30}},"64":{"start":{"line":115,"column":4},"end":{"line":120,"column":5}},"65":{"start":{"line":116,"column":8},"end":{"line":118,"column":9}},"66":{"start":{"line":117,"column":12},"end":{"line":117,"column":18}},"67":{"start":{"line":119,"column":8},"end":{"line":119,"column":63}},"68":{"start":{"line":123,"column":4},"end":{"line":126,"column":6}},"69":{"start":{"line":128,"column":4},"end":{"line":128,"column":75}},"70":{"start":{"line":131,"column":0},"end":{"line":137,"column":2}},"71":{"start":{"line":132,"column":4},"end":{"line":135,"column":6}},"72":{"start":{"line":136,"column":4},"end":{"line":136,"column":72}},"73":{"start":{"line":141,"column":0},"end":{"line":173,"column":2}},"74":{"start":{"line":155,"column":4},"end":{"line":155,"column":35}},"75":{"start":{"line":156,"column":4},"end":{"line":158,"column":5}},"76":{"start":{"line":157,"column":8},"end":{"line":157,"column":99}},"77":{"start":{"line":159,"column":4},"end":{"line":161,"column":5}},"78":{"start":{"line":160,"column":8},"end":{"line":160,"column":95}},"79":{"start":{"line":162,"column":4},"end":{"line":164,"column":5}},"80":{"start":{"line":163,"column":8},"end":{"line":163,"column":93}},"81":{"start":{"line":172,"column":4},"end":{"line":172,"column":58}},"82":{"start":{"line":192,"column":0},"end":{"line":194,"column":2}},"83":{"start":{"line":193,"column":4},"end":{"line":193,"column":27}},"84":{"start":{"line":196,"column":0},"end":{"line":199,"column":2}},"85":{"start":{"line":197,"column":4},"end":{"line":197,"column":47}},"86":{"start":{"line":198,"column":4},"end":{"line":198,"column":81}},"87":{"start":{"line":201,"column":0},"end":{"line":201,"column":37}}},"branchMap":{"1":{"line":44,"type":"if","locations":[{"start":{"line":44,"column":4},"end":{"line":44,"column":4}},{"start":{"line":44,"column":4},"end":{"line":44,"column":4}}]},"2":{"line":51,"type":"if","locations":[{"start":{"line":51,"column":4},"end":{"line":51,"column":4}},{"start":{"line":51,"column":4},"end":{"line":51,"column":4}}]},"3":{"line":56,"type":"switch","locations":[{"start":{"line":57,"column":8},"end":{"line":59,"column":18}},{"start":{"line":60,"column":8},"end":{"line":62,"column":18}},{"start":{"line":63,"column":8},"end":{"line":65,"column":18}},{"start":{"line":66,"column":8},"end":{"line":68,"column":18}},{"start":{"line":69,"column":8},"end":{"line":70,"column":56}}]},"4":{"line":77,"type":"if","locations":[{"start":{"line":77,"column":4},"end":{"line":77,"column":4}},{"start":{"line":77,"column":4},"end":{"line":77,"column":4}}]},"5":{"line":83,"type":"if","locations":[{"start":{"line":83,"column":4},"end":{"line":83,"column":4}},{"start":{"line":83,"column":4},"end":{"line":83,"column":4}}]},"6":{"line":84,"type":"if","locations":[{"start":{"line":84,"column":8},"end":{"line":84,"column":8}},{"start":{"line":84,"column":8},"end":{"line":84,"column":8}}]},"7":{"line":84,"type":"binary-expr","locations":[{"start":{"line":84,"column":12},"end":{"line":84,"column":31}},{"start":{"line":84,"column":35},"end":{"line":84,"column":61}}]},"8":{"line":86,"type":"if","locations":[{"start":{"line":86,"column":15},"end":{"line":86,"column":15}},{"start":{"line":86,"column":15},"end":{"line":86,"column":15}}]},"9":{"line":88,"type":"if","locations":[{"start":{"line":88,"column":15},"end":{"line":88,"column":15}},{"start":{"line":88,"column":15},"end":{"line":88,"column":15}}]},"10":{"line":88,"type":"binary-expr","locations":[{"start":{"line":88,"column":19},"end":{"line":88,"column":38}},{"start":{"line":88,"column":42},"end":{"line":88,"column":62}}]},"11":{"line":97,"type":"if","locations":[{"start":{"line":97,"column":8},"end":{"line":97,"column":8}},{"start":{"line":97,"column":8},"end":{"line":97,"column":8}}]},"12":{"line":102,"type":"if","locations":[{"start":{"line":102,"column":8},"end":{"line":102,"column":8}},{"start":{"line":102,"column":8},"end":{"line":102,"column":8}}]},"13":{"line":104,"type":"if","locations":[{"start":{"line":104,"column":15},"end":{"line":104,"column":15}},{"start":{"line":104,"column":15},"end":{"line":104,"column":15}}]},"14":{"line":116,"type":"if","locations":[{"start":{"line":116,"column":8},"end":{"line":116,"column":8}},{"start":{"line":116,"column":8},"end":{"line":116,"column":8}}]},"15":{"line":156,"type":"if","locations":[{"start":{"line":156,"column":4},"end":{"line":156,"column":4}},{"start":{"line":156,"column":4},"end":{"line":156,"column":4}}]},"16":{"line":159,"type":"if","locations":[{"start":{"line":159,"column":4},"end":{"line":159,"column":4}},{"start":{"line":159,"column":4},"end":{"line":159,"column":4}}]},"17":{"line":162,"type":"if","locations":[{"start":{"line":162,"column":4},"end":{"line":162,"column":4}},{"start":{"line":162,"column":4},"end":{"line":162,"column":4}}]}}},"c:\\Users\\Jake\\meng\\drone\\lib\\drone_interpret_and_control\\modes\\normal.js":{"path":"c:\\Users\\Jake\\meng\\drone\\lib\\drone_interpret_and_control\\modes\\normal.js","s":{"1":1,"2":1,"3":1,"4":12,"5":12,"6":12,"7":1,"8":1,"9":1,"10":8,"11":1,"12":1,"13":1,"14":1,"15":2,"16":1,"17":1,"18":1,"19":0,"20":1,"21":1,"22":1,"23":1,"24":0,"25":0,"26":0,"27":0,"28":0,"29":0,"30":0,"31":0,"32":0,"33":1,"34":1,"35":0,"36":0,"37":1,"38":0,"39":0,"40":0,"41":0,"42":0,"43":0,"44":0,"45":1},"b":{"1":[1,1],"2":[0,1],"3":[1,1],"4":[0,1,1,0,0,0,0,0],"5":[0,0]},"f":{"1":12,"2":8,"3":1,"4":0,"5":0},"fnMap":{"1":{"name":"ModeNormal","line":3,"loc":{"start":{"line":3,"column":0},"end":{"line":3,"column":36}}},"2":{"name":"(anonymous_2)","line":13,"loc":{"start":{"line":13,"column":28},"end":{"line":13,"column":39}}},"3":{"name":"(anonymous_3)","line":15,"loc":{"start":{"line":15,"column":41},"end":{"line":15,"column":76}}},"4":{"name":"(anonymous_4)","line":61,"loc":{"start":{"line":61,"column":28},"end":{"line":61,"column":38}}},"5":{"name":"(anonymous_5)","line":66,"loc":{"start":{"line":66,"column":46},"end":{"line":66,"column":73}}}},"statementMap":{"1":{"start":{"line":1,"column":0},"end":{"line":1,"column":36}},"2":{"start":{"line":2,"column":0},"end":{"line":2,"column":31}},"3":{"start":{"line":3,"column":0},"end":{"line":8,"column":1}},"4":{"start":{"line":4,"column":4},"end":{"line":4,"column":40}},"5":{"start":{"line":6,"column":4},"end":{"line":6,"column":23}},"6":{"start":{"line":7,"column":4},"end":{"line":7,"column":30}},"7":{"start":{"line":10,"column":0},"end":{"line":10,"column":57}},"8":{"start":{"line":11,"column":0},"end":{"line":11,"column":46}},"9":{"start":{"line":13,"column":0},"end":{"line":13,"column":58}},"10":{"start":{"line":13,"column":40},"end":{"line":13,"column":56}},"11":{"start":{"line":15,"column":0},"end":{"line":59,"column":2}},"12":{"start":{"line":16,"column":4},"end":{"line":16,"column":20}},"13":{"start":{"line":17,"column":4},"end":{"line":17,"column":56}},"14":{"start":{"line":18,"column":4},"end":{"line":57,"column":5}},"15":{"start":{"line":19,"column":8},"end":{"line":21,"column":9}},"16":{"start":{"line":20,"column":12},"end":{"line":20,"column":18}},"17":{"start":{"line":23,"column":8},"end":{"line":23,"column":39}},"18":{"start":{"line":24,"column":8},"end":{"line":26,"column":9}},"19":{"start":{"line":25,"column":12},"end":{"line":25,"column":21}},"20":{"start":{"line":28,"column":8},"end":{"line":56,"column":9}},"21":{"start":{"line":32,"column":16},"end":{"line":32,"column":46}},"22":{"start":{"line":35,"column":16},"end":{"line":35,"column":37}},"23":{"start":{"line":36,"column":16},"end":{"line":36,"column":22}},"24":{"start":{"line":40,"column":16},"end":{"line":40,"column":37}},"25":{"start":{"line":41,"column":16},"end":{"line":41,"column":22}},"26":{"start":{"line":43,"column":16},"end":{"line":43,"column":37}},"27":{"start":{"line":44,"column":16},"end":{"line":44,"column":22}},"28":{"start":{"line":46,"column":16},"end":{"line":46,"column":46}},"29":{"start":{"line":49,"column":16},"end":{"line":49,"column":37}},"30":{"start":{"line":50,"column":16},"end":{"line":50,"column":22}},"31":{"start":{"line":53,"column":16},"end":{"line":53,"column":37}},"32":{"start":{"line":54,"column":16},"end":{"line":54,"column":22}},"33":{"start":{"line":58,"column":4},"end":{"line":58,"column":42}},"34":{"start":{"line":61,"column":0},"end":{"line":64,"column":2}},"35":{"start":{"line":62,"column":4},"end":{"line":62,"column":52}},"36":{"start":{"line":63,"column":4},"end":{"line":63,"column":31}},"37":{"start":{"line":66,"column":0},"end":{"line":78,"column":2}},"38":{"start":{"line":67,"column":4},"end":{"line":67,"column":27}},"39":{"start":{"line":71,"column":4},"end":{"line":76,"column":5}},"40":{"start":{"line":72,"column":8},"end":{"line":72,"column":48}},"41":{"start":{"line":73,"column":8},"end":{"line":73,"column":74}},"42":{"start":{"line":74,"column":8},"end":{"line":74,"column":62}},"43":{"start":{"line":75,"column":8},"end":{"line":75,"column":33}},"44":{"start":{"line":77,"column":4},"end":{"line":77,"column":22}},"45":{"start":{"line":82,"column":0},"end":{"line":82,"column":28}}},"branchMap":{"1":{"line":19,"type":"if","locations":[{"start":{"line":19,"column":8},"end":{"line":19,"column":8}},{"start":{"line":19,"column":8},"end":{"line":19,"column":8}}]},"2":{"line":24,"type":"if","locations":[{"start":{"line":24,"column":8},"end":{"line":24,"column":8}},{"start":{"line":24,"column":8},"end":{"line":24,"column":8}}]},"3":{"line":24,"type":"binary-expr","locations":[{"start":{"line":24,"column":19},"end":{"line":24,"column":41}},{"start":{"line":24,"column":45},"end":{"line":24,"column":46}}]},"4":{"line":28,"type":"switch","locations":[{"start":{"line":29,"column":12},"end":{"line":29,"column":24}},{"start":{"line":30,"column":12},"end":{"line":30,"column":29}},{"start":{"line":31,"column":12},"end":{"line":36,"column":22}},{"start":{"line":37,"column":12},"end":{"line":41,"column":22}},{"start":{"line":42,"column":12},"end":{"line":44,"column":22}},{"start":{"line":45,"column":12},"end":{"line":50,"column":22}},{"start":{"line":51,"column":12},"end":{"line":54,"column":22}},{"start":{"line":55,"column":12},"end":{"line":55,"column":20}}]},"5":{"line":71,"type":"if","locations":[{"start":{"line":71,"column":4},"end":{"line":71,"column":4}},{"start":{"line":71,"column":4},"end":{"line":71,"column":4}}]}}},"c:\\Users\\Jake\\meng\\drone\\lib\\drone_interpret_and_control\\modes\\base.js":{"path":"c:\\Users\\Jake\\meng\\drone\\lib\\drone_interpret_and_control\\modes\\base.js","s":{"1":1,"2":1,"3":1,"4":1,"5":1,"6":1,"7":1,"8":1,"9":1,"10":1,"11":1,"12":1,"13":1,"14":12,"15":12,"16":1,"17":0,"18":1,"19":0,"20":0,"21":0,"22":0,"23":0,"24":0,"25":0,"26":0,"27":0,"28":0,"29":0,"30":0,"31":0,"32":0,"33":0,"34":0,"35":1,"36":0,"37":0,"38":0,"39":0,"40":0,"41":1,"42":0,"43":1,"44":0,"45":1,"46":0,"47":1,"48":3,"49":1,"50":1,"51":0,"52":1,"53":1,"54":0,"55":1,"56":1,"57":1,"58":1,"59":1,"60":0,"61":0,"62":0,"63":1,"64":3,"65":3,"66":3,"67":0,"68":0,"69":0,"70":3,"71":3,"72":0,"73":0,"74":0,"75":1,"76":0,"77":0,"78":0,"79":0,"80":0,"81":0,"82":0,"83":1,"84":5,"85":5,"86":1,"87":0,"88":0,"89":1,"90":0,"91":1,"92":1,"93":1},"b":{"1":[0,0],"2":[0,0,0,0,0,0],"3":[0,0],"4":[0,1],"5":[0,0],"6":[0,0],"7":[0,0],"8":[0,0]},"f":{"1":12,"2":0,"3":0,"4":0,"5":0,"6":0,"7":0,"8":3,"9":1,"10":0,"11":3,"12":0,"13":0,"14":0,"15":0,"16":5,"17":0,"18":0,"19":1},"fnMap":{"1":{"name":"ModeBase","line":18,"loc":{"start":{"line":18,"column":0},"end":{"line":18,"column":34}}},"2":{"name":"(anonymous_2)","line":23,"loc":{"start":{"line":23,"column":26},"end":{"line":23,"column":38}}},"3":{"name":"(anonymous_3)","line":27,"loc":{"start":{"line":27,"column":39},"end":{"line":27,"column":74}}},"4":{"name":"(anonymous_4)","line":55,"loc":{"start":{"line":55,"column":44},"end":{"line":55,"column":71}}},"5":{"name":"(anonymous_5)","line":66,"loc":{"start":{"line":66,"column":32},"en
[...]
nymous_1)","line":5,"loc":{"start":{"line":5,"column":14},"end":{"line":5,"column":49}}},"2":{"name":"(anonymous_2)","line":18,"loc":{"start":{"line":18,"column":25},"end":{"line":18,"column":35}}},"3":{"name":"(anonymous_3)","line":26,"loc":{"start":{"line":26,"column":23},"end":{"line":26,"column":38}}},"4":{"name":"(anonymous_4)","line":36,"loc":{"start":{"line":36,"column":36},"end":{"line":36,"column":93}}},"5":{"name":"(anonymous_5)","line":45,"loc":{"start":{"line":45,"column":34},"end":{"line":45,"column":91}}},"6":{"name":"(anonymous_6)","line":53,"loc":{"start":{"line":53,"column":41},"end":{"line":53,"column":51}}}},"statementMap":{"1":{"start":{"line":2,"column":0},"end":{"line":2,"column":32}},"2":{"start":{"line":3,"column":0},"end":{"line":3,"column":32}},"3":{"start":{"line":5,"column":0},"end":{"line":33,"column":2}},"4":{"start":{"line":7,"column":4},"end":{"line":12,"column":6}},"5":{"start":{"line":14,"column":4},"end":{"line":14,"column":56}},"6":{"start":{"line":16,"column":4},"end":{"line":16,"column":21}},"7":{"start":{"line":18,"column":4},"end":{"line":21,"column":7}},"8":{"start":{"line":19,"column":8},"end":{"line":19,"column":41}},"9":{"start":{"line":20,"column":8},"end":{"line":20,"column":41}},"10":{"start":{"line":24,"column":4},"end":{"line":24,"column":45}},"11":{"start":{"line":26,"column":4},"end":{"line":28,"column":7}},"12":{"start":{"line":27,"column":8},"end":{"line":27,"column":39}},"13":{"start":{"line":32,"column":4},"end":{"line":32,"column":25}},"14":{"start":{"line":36,"column":0},"end":{"line":42,"column":2}},"15":{"start":{"line":37,"column":4},"end":{"line":37,"column":29}},"16":{"start":{"line":38,"column":4},"end":{"line":38,"column":81}},"17":{"start":{"line":45,"column":0},"end":{"line":51,"column":2}},"18":{"start":{"line":46,"column":4},"end":{"line":46,"column":29}},"19":{"start":{"line":47,"column":4},"end":{"line":47,"column":79}},"20":{"start":{"line":53,"column":0},"end":{"line":55,"column":2}},"21":{"start":{"line":54,"column":4},"end":{"line":54,"column":48}},"22":{"start":{"line":58,"column":0},"end":{"line":58,"column":29}}},"branchMap":{}},"c:\\Users\\Jake\\meng\\drone\\lib\\ibm_services.js":{"path":"c:\\Users\\Jake\\meng\\drone\\lib\\ibm_services.js","s":{"1":1,"2":1,"3":1,"4":1,"5":1,"6":1,"7":1,"8":1,"9":1,"10":0,"11":0,"12":1,"13":1,"14":1,"15":0,"16":1,"17":1,"18":7,"19":1,"20":6,"21":1,"22":5,"23":1,"24":4,"25":1,"26":3,"27":1,"28":2,"29":1,"30":1,"31":0,"32":0,"33":1,"34":0,"35":0,"36":1,"37":0,"38":0,"39":1,"40":0,"41":1,"42":0,"43":0,"44":1,"45":0,"46":0,"47":1,"48":1,"49":1,"50":1,"51":1,"52":1,"53":1,"54":1,"55":1,"56":1,"57":1},"b":{"1":[0,1],"2":[1,6],"3":[1,5],"4":[1,4],"5":[1,3],"6":[1,2],"7":[1,1],"8":[0,1],"9":[0,1],"10":[0,1],"11":[0,1],"12":[0,1],"13":[0,1]},"f":{},"fnMap":{},"statementMap":{"1":{"start":{"line":1,"column":0},"end":{"line":1,"column":24}},"2":{"start":{"line":2,"column":0},"end":{"line":2,"column":35}},"3":{"start":{"line":3,"column":0},"end":{"line":3,"column":47}},"4":{"start":{"line":4,"column":0},"end":{"line":4,"column":29}},"5":{"start":{"line":5,"column":0},"end":{"line":5,"column":31}},"6":{"start":{"line":6,"column":0},"end":{"line":6,"column":36}},"7":{"start":{"line":7,"column":0},"end":{"line":7,"column":32}},"8":{"start":{"line":10,"column":0},"end":{"line":10,"column":13}},"9":{"start":{"line":11,"column":0},"end":{"line":21,"column":1}},"10":{"start":{"line":12,"column":4},"end":{"line":12,"column":34}},"11":{"start":{"line":13,"column":4},"end":{"line":13,"column":53}},"12":{"start":{"line":15,"column":4},"end":{"line":20,"column":5}},"13":{"start":{"line":16,"column":8},"end":{"line":16,"column":38}},"14":{"start":{"line":17,"column":8},"end":{"line":17,"column":79}},"15":{"start":{"line":19,"column":8},"end":{"line":19,"column":24}},"16":{"start":{"line":24,"column":0},"end":{"line":24,"column":103}},"17":{"start":{"line":25,"column":0},"end":{"line":39,"column":1}},"18":{"start":{"line":26,"column":4},"end":{"line":38,"column":5}},"19":{"start":{"line":27,"column":8},"end":{"line":27,"column":60}},"20":{"start":{"line":28,"column":10},"end":{"line":38,"column":5}},"21":{"start":{"line":29,"column":8},"end":{"line":29,"column":68}},"22":{"start":{"line":30,"column":10},"end":{"line":38,"column":5}},"23":{"start":{"line":31,"column":8},"end":{"line":31,"column":64}},"24":{"start":{"line":32,"column":10},"end":{"line":38,"column":5}},"25":{"start":{"line":33,"column":8},"end":{"line":33,"column":64}},"26":{"start":{"line":34,"column":10},"end":{"line":38,"column":5}},"27":{"start":{"line":35,"column":8},"end":{"line":35,"column":56}},"28":{"start":{"line":36,"column":10},"end":{"line":38,"column":5}},"29":{"start":{"line":37,"column":8},"end":{"line":37,"column":58}},"30":{"start":{"line":43,"column":0},"end":{"line":61,"column":1}},"31":{"start":{"line":44,"column":4},"end":{"line":44,"column":71}},"32":{"start":{"line":45,"column":4},"end":{"line":45,"column":20}},"33":{"start":{"line":46,"column":7},"end":{"line":61,"column":1}},"34":{"start":{"line":47,"column":4},"end":{"line":47,"column":80}},"35":{"start":{"line":48,"column":4},"end":{"line":48,"column":20}},"36":{"start":{"line":49,"column":7},"end":{"line":61,"column":1}},"37":{"start":{"line":50,"column":4},"end":{"line":50,"column":77}},"38":{"start":{"line":51,"column":4},"end":{"line":51,"column":20}},"39":{"start":{"line":52,"column":7},"end":{"line":61,"column":1}},"40":{"start":{"line":53,"column":4},"end":{"line":53,"column":76}},"41":{"start":{"line":55,"column":6},"end":{"line":61,"column":1}},"42":{"start":{"line":56,"column":4},"end":{"line":56,"column":66}},"43":{"start":{"line":57,"column":4},"end":{"line":57,"column":20}},"44":{"start":{"line":58,"column":6},"end":{"line":61,"column":1}},"45":{"start":{"line":59,"column":4},"end":{"line":59,"column":69}},"46":{"start":{"line":60,"column":4},"end":{"line":60,"column":20}},"47":{"start":{"line":65,"column":0},"end":{"line":65,"column":38}},"48":{"start":{"line":66,"column":0},"end":{"line":66,"column":38}},"49":{"start":{"line":67,"column":0},"end":{"line":70,"column":3}},"50":{"start":{"line":73,"column":0},"end":{"line":73,"column":42}},"51":{"start":{"line":74,"column":0},"end":{"line":74,"column":42}},"52":{"start":{"line":75,"column":0},"end":{"line":80,"column":3}},"53":{"start":{"line":83,"column":0},"end":{"line":83,"column":38}},"54":{"start":{"line":84,"column":0},"end":{"line":84,"column":38}},"55":{"start":{"line":85,"column":0},"end":{"line":89,"column":3}},"56":{"start":{"line":92,"column":0},"end":{"line":92,"column":59}},"57":{"start":{"line":95,"column":0},"end":{"line":100,"column":2}}},"branchMap":{"1":{"line":11,"type":"if","locations":[{"start":{"line":11,"column":0},"end":{"line":11,"column":0}},{"start":{"line":11,"column":0},"end":{"line":11,"column":0}}]},"2":{"line":26,"type":"if","locations":[{"start":{"line":26,"column":4},"end":{"line":26,"column":4}},{"start":{"line":26,"column":4},"end":{"line":26,"column":4}}]},"3":{"line":28,"type":"if","locations":[{"start":{"line":28,"column":10},"end":{"line":28,"column":10}},{"start":{"line":28,"column":10},"end":{"line":28,"column":10}}]},"4":{"line":30,"type":"if","locations":[{"start":{"line":30,"column":10},"end":{"line":30,"column":10}},{"start":{"line":30,"column":10},"end":{"line":30,"column":10}}]},"5":{"line":32,"type":"if","locations":[{"start":{"line":32,"column":10},"end":{"line":32,"column":10}},{"start":{"line":32,"column":10},"end":{"line":32,"column":10}}]},"6":{"line":34,"type":"if","locations":[{"start":{"line":34,"column":10},"end":{"line":34,"column":10}},{"start":{"line":34,"column":10},"end":{"line":34,"column":10}}]},"7":{"line":36,"type":"if","locations":[{"start":{"line":36,"column":10},"end":{"line":36,"column":10}},{"start":{"line":36,"column":10},"end":{"line":36,"column":10}}]},"8":{"line":43,"type":"if","locations":[{"start":{"line":43,"column":0},"end":{"line":43,"column":0}},{"start":{"line":43,"column":0},"end":{"line":43,"column":0}}]},"9":{"line":46,"type":"if","locations":[{"start":{"line":46,"column":7},"end":{"line":46,"column":7}},{"start":{"line":46,"column":7},"end":{"line":46,"column":7}}]},"10":{"line":49,"type":"if","locations":[{"start":{"line":49,"column":7},"end":{"line":49,"column":7}},{"start":{"line":49,"column":7},"end":{"line":49,"column":7}}]},"11":{"line":52,"type":"if","locations":[{"start":{"line":52,"column":7},"end":{"line":52,"column":7}},{"start":{"line":52,"column":7},"end":{"line":52,"column":7}}]},"12":{"line":55,"type":"if","locations":[{"start":{"line":55,"column":6},"end":{"line":55,"column":6}},{"start":{"line":55,"column":6},"end":{"line":55,"column":6}}]},"13":{"line":58,"type":"if","locations":[{"start":{"line":58,"column":6},"end":{"line":58,"column":6}},{"start":{"line":58,"column":6},"end":{"line":58,"column":6}}]}}},"c:\\Users\\Jake\\meng\\drone\\lib\\router.js":{"path":"c:\\Users\\Jake\\meng\\drone\\lib\\router.js","s":{"1":1,"2":1,"3":1,"4":1,"5":1,"6":1,"7":1,"8":4,"9":4,"10":1,"11":1,"12":1,"13":1,"14":4,"15":3,"16":1,"17":1,"18":5,"19":5,"20":0,"21":1,"22":17,"23":17,"24":0,"25":1,"26":0,"27":1,"28":2,"29":1,"30":1,"31":1,"32":1,"33":1,"34":1,"35":0,"36":1,"37":1,"38":1,"39":1,"40":1,"41":1,"42":1,"43":1,"44":1,"45":2,"46":1,"47":1,"48":1,"49":1,"50":1,"51":1,"52":1,"53":1,"54":1,"55":1,"56":1,"57":1,"58":1,"59":1,"60":1,"61":1,"62":8,"63":7,"64":1,"65":1,"66":4,"67":3,"68":1,"69":1,"70":11,"71":3,"72":2,"73":1,"74":1,"75":8,"76":1,"77":4,"78":3,"79":1,"80":1},"b":{"1":[3,1],"2":[5,0],"3":[17,0],"4":[7,1],"5":[3,1],"6":[3,8],"7":[2,1],"8":[1,0],"9":[3,1],"10":[4,1]},"f":{"1":4,"2":4,"3":4,"4":5,"5":17,"6":0,"7":2,"8":1,"9":1,"10":0,"11":1,"12":1,"13":1,"14":1,"15":2,"16":1,"17":1,"18":1,"19":1,"20":1,"21":1,"22":1,"23":8,"24":4,"25":11,"26":4},"fnMap":{"1":{"name":"(anonymous_1)","line":12,"loc":{"start":{"line":12,"column":17},"end":{"line":12,"column":42}}},"2":{"name":"(anonymous_2)","line":15,"loc":{"start":{"line":15,"column":14},"end":{"line":15,"column":39}}},"3":{"name":"(anonymous_3)","line":41,"loc":{"start":{"line":41,"column":20},"end":{"line":41,"column":44}}},"4":{"name":"(anonymous_4)","line":49,"loc":{"start":{"line":49,"column":18},"end":{"line":49,"column":42}}},"5":{"name":"(anonymous_5)","line":56,"loc":{"start":{"line":56,"column":17},"end":{"line":56,"column":43}}},"6":{"name":"(anonymous_6)","line":116,"loc":{"start":{"line":116,"column":23},"end":{"line":116,"column":41}}},"7":{"name":"(anonymous_7)","line":129,"loc":{"start":{"line":129,"column":33},"end":{"line":129,"column":51}}},"8":{"name":"(anonymous_8)","line":143,"loc":{"start":{"line":143,"column":44},"end":{"line":143,"column":62}}},"9":{"name":"(anonymous_9)","line":159,"loc":{"start":{"line":159,"column":50},"end":{"line":159,"column":68}}},"10":{"name":"(anonymous_10)","line":171,"loc":{"start":{"line":171,"column":19},"end":{"line":171,"column":37}}},"11":{"name":"(anonymous_11)","line":184,"loc":{"start":{"line":184,"column":30},"end":{"line":184,"column":48}}},"12":{"name":"(anonymous_12)","line":198,"loc":{"start":{"line":198,"column":40},"end":{"line":198,"column":58}}},"13":{"name":"(anonymous_13)","line":211,"loc":{"start":{"line":211,"column":22},"end":{"line":211,"column":40}}},"14":{"name":"(anonymous_14)","line":225,"loc":{"start":{"line":225,"column":29},"end":{"line":225,"column":47}}},"15":{"name":"(anonymous_15)","line":237,"loc":{"start":{"line":237,"column":54},"end":{"line":237,"column":72}}},"16":{"name":"(anonymous_16)","line":247,"loc":{"start":{"line":247,"column":32},"end":{"line":247,"column":50}}},"17":{"name":"(anonymous_17)","line":259,"loc":{"start":{"line":259,"column":21},"end":{"line":259,"column":39}}},"18":{"name":"(anonymous_18)","line":273,"loc":{"start":{"line":273,"column":28},"end":{"line":273,"column":46}}},"19":{"name":"(anonymous_19)","line":293,"loc":{"start":{"line":293,"column":31},"end":{"line":293,"column":49}}},"20":{"name":"(anonymous_20)","line":310,"loc":{"start":{"line":310,"column":31},"end":{"line":310,"column":49}}},"21":{"name":"(anonymous_21)","line":323,"loc":{"start":{"line":323,"column":32},"end":{"line":323,"column":50}}},"22":{"name":"(anonymous_22)","line":336,"loc":{"start":{"line":336,"column":34},"end":{"line":336,"column":52}}},"23":{"name":"(anonymous_23)","line":341,"loc":{"start":{"line":341,"column":25},"end":{"line":341,"column":59}}},"24":{"name":"(anonymous_24)","line":348,"loc":{"start":{"line":348,"column":26},"end":{"line":348,"column":61}}},"25":{"name":"(anonymous_25)","line":355,"loc":{"start":{"line":355,"column":22},"end":{"line":355,"column":53}}},"26":{"name":"(anonymous_26)","line":367,"loc":{"start":{"line":367,"column":25},"end":{"line":367,"column":59}}}},"statementMap":{"1":{"start":{"line":1,"column":0},"end":{"line":1,"column":33}},"2":{"start":{"line":2,"column":0},"end":{"line":2,"column":30}},"3":{"start":{"line":3,"column":0},"end":{"line":3,"column":22}},"4":{"start":{"line":5,"column":0},"end":{"line":5,"column":42}},"5":{"start":{"line":7,"column":0},"end":{"line":7,"column":27}},"6":{"start":{"line":9,"column":0},"end":{"line":9,"column":31}},"7":{"start":{"line":11,"column":0},"end":{"line":18,"column":3}},"8":{"start":{"line":13,"column":8},"end":{"line":13,"column":29}},"9":{"start":{"line":16,"column":8},"end":{"line":16,"column":36}},"10":{"start":{"line":21,"column":0},"end":{"line":23,"column":3}},"11":{"start":{"line":24,"column":0},"end":{"line":24,"column":32}},"12":{"start":{"line":39,"column":0},"end":{"line":39,"column":40}},"13":{"start":{"line":41,"column":0},"end":{"line":47,"column":3}},"14":{"start":{"line":42,"column":4},"end":{"line":46,"column":5}},"15":{"start":{"line":43,"column":8},"end":{"line":43,"column":15}},"16":{"start":{"line":45,"column":8},"end":{"line":45,"column":66}},"17":{"start":{"line":49,"column":0},"end":{"line":55,"column":3}},"18":{"start":{"line":50,"column":4},"end":{"line":54,"column":5}},"19":{"start":{"line":51,"column":8},"end":{"line":51,"column":15}},"20":{"start":{"line":53,"column":8},"end":{"line":53,"column":64}},"21":{"start":{"line":56,"column":0},"end":{"line":62,"column":3}},"22":{"start":{"line":57,"column":4},"end":{"line":61,"column":5}},"23":{"start":{"line":58,"column":8},"end":{"line":58,"column":15}},"24":{"start":{"line":60,"column":8},"end":{"line":60,"column":63}},"25":{"start":{"line":116,"column":0},"end":{"line":118,"column":3}},"26":{"start":{"line":117,"column":4},"end":{"line":117,"column":49}},"27":{"start":{"line":129,"column":0},"end":{"line":131,"column":3}},"28":{"start":{"line":130,"column":4},"end":{"line":130,"column":49}},"29":{"start":{"line":143,"column":0},"end":{"line":145,"column":3}},"30":{"start":{"line":144,"column":4},"end":{"line":144,"column":49}},"31":{"start":{"line":159,"column":0},"end":{"line":162,"column":3}},"32":{"start":{"line":160,"column":4},"end":{"line":160,"column":32}},"33":{"start":{"line":161,"column":4},"end":{"line":161,"column":49}},"34":{"start":{"line":171,"column":0},"end":{"line":173,"column":3}},"35":{"start":{"line":172,"column":4},"end":{"line":172,"column":46}},"36":{"start":{"line":184,"column":0},"end":{"line":186,"column":3}},"37":{"start":{"line":185,"column":4},"end":{"line":185,"column":46}},"38":{"start":{"line":198,"column":0},"end":{"line":200,"column":3}},"39":{"start":{"line":199,"column":4},"end":{"line":199,"column":46}},"40":{"start":{"line":211,"column":0},"end":{"line":213,"column":3}},"41":{"start":{"line":212,"column":4},"end":{"line":212,"column":56}},"42":{"start":{"line":225,"column":0},"end":{"line":227,"column":3}},"43":{"start":{"line":226,"column":4},"end":{"line":226,"column":44}},"44":{"start":{"line":237,"column":0},"end":{"line":239,"column":3}},"45":{"start":{"line":238,"column":4},"end":{"line":238,"column":51}},"46":{"start":{"line":247,"column":0},"end":{"line":249,"column":3}},"47":{"start":{"line":248,"column":4},"end":{"line":248,"column":57}},"48":{"start":{"line":259,"column":0},"end":{"line":261,"column":3}},"49":{"start":{"line":260,"column":4},"end":{"line":260,"column":55}},"50":{"start":{"line":273,"column":0},"end":{"line":275,"column":3}},"51":{"start":{"line":274,"column":4},"end":{"line":274,"column":44}},"52":{"start":{"line":285,"column":0},"end":{"line":285,"column":91}},"53":{"start":{"line":293,"column":0},"end":{"line":295,"column":3}},"54":{"start":{"line":294,"column":4},"end":{"line":294,"column":57}},"55":{"start":{"line":310,"column":0},"end":{"line":312,"column":3}},"56":{"start":{"line":311,"column":4},"end":{"line":311,"column":49}},"57":{"start":{"line":323,"column":0},"end":{"line":325,"column":3}},"58":{"start":{"line":324,"column":4},"end":{"line":324,"column":50}},"59":{"start":{"line":336,"column":0},"end":{"line":338,"column":3}},"60":{"start":{"line":337,"column":4},"end":{"line":337,"column":50}},"61":{"start":{"line":341,"column":0},"end":{"line":347,"column":3}},"62":{"start":{"line":342,"column":4},"end":{"line":346,"column":5}},"63":{"start":{"line":343,"column":8},"end":{"line":343,"column":15}},"64":{"start":{"line":345,"column":8},"end":{"line":345,"column":58}},"65":{"start":{"line":348,"column":0},"end":{"line":354,"column":3}},"66":{"start":{"line":349,"column":4},"end":{"line":353,"column":5}},"67":{"start":{"line":350,"column":8},"end":{"line":350,"column":15}},"68":{"start":{"line":352,"column":8},"end":{"line":352,"column":59}},"69":{"start":{"line":355,"column":0},"end":{"line":366,"column":3}},"70":{"start":{"line":356,"column":4},"end":{"line":365,"column":5}},"71":{"start":{"line":357,"column":8},"end":{"line":362,"column":9}},"72":{"start":{"line":358,"column":12},"end":{"line":358,"column":56}},"73":{"start":{"line":359,"column":15},"end":{"line":362,"column":9}},"74":{"start":{"line":360,"column":12},"end":{"line":360,"column":56}},"75":{"start":{"line":364,"column":8},"end":{"line":364,"column":15}},"76":{"start":{"line":367,"column":0},"end":{"line":373,"column":3}},"77":{"start":{"line":368,"column":4},"end":{"line":372,"column":5}},"78":{"start":{"line":369,"column":8},"end":{"line":369,"column":15}},"79":{"start":{"line":371,"column":8},"end":{"line":371,"column":70}},"80":{"start":{"line":375,"column":0},"end":{"line":375,"column":24}}},"branchMap":{"1":{"line":42,"type":"if","locations":[{"start":{"line":42,"column":4},"end":{"line":42,"column":4}},{"start":{"line":42,"column":4},"end":{"line":42,"column":4}}]},"2":{"line":50,"type":"if","locations":[{"start":{"line":50,"column":4},"end":{"line":50,"column":4}},{"start":{"line":50,"column":4},"end":{"line":50,"column":4}}]},"3":{"line":57,"type":"if","locations":[{"start":{"line":57,"column":4},"end":{"line":57,"column":4}},{"start":{"line":57,"column":4},"end":{"line":57,"column":4}}]},"4":{"line":342,"type":"if","locations":[{"start":{"line":342,"column":4},"end":{"line":342,"column":4}},{"start":{"line":342,"column":4},"end":{"line":342,"column":4}}]},"5":{"line":349,"type":"if","locations":[{"start":{"line":349,"column":4},"end":{"line":349,"column":4}},{"start":{"line":349,"column":4},"end":{"line":349,"column":4}}]},"6":{"line":356,"type":"if","locations":[{"start":{"line":356,"column":4},"end":{"line":356,"column":4}},{"start":{"line":356,"column":4},"end":{"line":356,"column":4}}]},"7":{"line":357,"type":"if","locations":[{"start":{"line":357,"column":8},"end":{"line":357,"column":8}},{"start":{"line":357,"column":8},"end":{"line":357,"column":8}}]},"8":{"line":359,"type":"if","locations":[{"start":{"line":359,"column":15},"end":{"line":359,"column":15}},{"start":{"line":359,"column":15},"end":{"line":359,"column":15}}]},"9":{"line":368,"type":"if","locations":[{"start":{"line":368,"column":4},"end":{"line":368,"column":4}},{"start":{"line":368,"column":4},"end":{"line":368,"column":4}}]},"10":{"line":368,"type":"binary-expr","locations":[{"start":{"line":368,"column":7},"end":{"line":368,"column":51}},{"start":{"line":368,"column":55},"end":{"line":368,"column":87}}]}}}}