TN:
SF:c:\Users\Jake\meng\drone\app.js
FN:70,(anonymous_1)
FN:77,(anonymous_2)
FN:89,(anonymous_3)
FN:95,(anonymous_4)
FN:103,(anonymous_5)
FNF:5
FNH:4
FNDA:32,(anonymous_1)
FNDA:31,(anonymous_2)
FNDA:1,(anonymous_3)
FNDA:0,(anonymous_4)
FNDA:1,(anonymous_5)
DA:3,1
DA:4,1
DA:5,1
DA:6,1
DA:7,1
DA:8,1
DA:9,1
DA:10,1
DA:11,1
DA:12,1
DA:14,1
DA:16,1
DA:18,1
DA:20,1
DA:21,1
DA:22,1
DA:26,1
DA:32,1
DA:34,1
DA:43,1
DA:44,1
DA:70,1
DA:71,32
DA:72,32
DA:73,1
DA:74,31
DA:75,0
DA:77,31
DA:78,31
DA:79,30
DA:80,30
DA:81,30
DA:83,1
DA:89,1
DA:90,1
DA:95,1
DA:96,0
DA:97,0
DA:102,1
DA:103,1
DA:104,1
DA:108,1
LF:42
LH:39
BRDA:72,1,0,1
BRDA:72,1,1,31
BRDA:74,2,0,0
BRDA:74,2,1,31
BRDA:78,3,0,30
BRDA:78,3,1,1
BRDA:102,4,0,1
BRDA:102,4,1,1
BRF:8
BRH:7
end_of_record
TN:
SF:c:\Users\Jake\meng\drone\lib\logger.js
FN:4,nicerFormatter
FN:15,(anonymous_2)
FN:24,(anonymous_3)
FNF:3
FNH:2
FNDA:77,nicerFormatter
FNDA:154,(anonymous_2)
FNDA:0,(anonymous_3)
DA:1,1
DA:4,1
DA:6,77
DA:10,1
DA:15,154
DA:19,1
DA:24,0
DA:27,1
DA:81,1
LF:9
LH:8
BRDA:6,1,0,77
BRDA:6,1,1,0
BRDA:7,2,0,0
BRDA:7,2,1,77
BRDA:7,3,0,77
BRDA:7,3,1,77
BRF:6
BRH:4
end_of_record
TN:
SF:c:\Users\Jake\meng\drone\lib\functions.js
FN:68,handleAudioUpload
FN:81,handleImageUpload
FN:96,insertImageIntoDatabase
FN:103,(anonymous_4)
FN:114,deleteImageFromDatabase
FN:115,(anonymous_6)
FN:120,(anonymous_7)
FN:128,insertAudioIntoDatabase
FN:135,(anonymous_9)
FN:146,deleteAudioFromDatabase
FN:147,(anonymous_11)
FN:152,(anonymous_12)
FN:160,retrieveLatestImage
FN:176,(anonymous_14)
FN:186,(anonymous_15)
FN:195,(anonymous_16)
FN:208,retrieveLatestAudio
FN:225,(anonymous_18)
FN:235,(anonymous_19)
FN:244,(anonymous_20)
FN:257,serveSensorData
FN:296,(anonymous_22)
FN:308,(anonymous_23)
FN:321,serveGPSData
FN:336,(anonymous_25)
FN:347,(anonymous_26)
FN:359,serveImagesInformation
FN:360,(anonymous_28)
FN:365,(anonymous_29)
FN:374,serveImage
FN:375,(anonymous_31)
FN:385,serveAudioInformation
FN:386,(anonymous_33)
FN:391,(anonymous_34)
FN:400,serveAudio
FN:401,(anonymous_36)
FN:412,classifyImage
FN:418,(anonymous_38)
FN:470,speechRecognition
FN:480,sendToSpeechRecognition
FN:491,(anonymous_41)
FN:508,analyseTone
FN:513,(anonymous_43)
FN:522,deviceStatusCallback
FN:528,processDroneUpdate
FN:558,checkUserCredentials
FN:564,(anonymous_47)
FN:595,insertUserCredentials
FN:611,(anonymous_49)
FN:624,deleteUserCredentials
FN:630,(anonymous_51)
FN:644,insertDroneCredentials
FN:645,(anonymous_53)
FN:652,(anonymous_54)
FN:665,requireLogin
FN:673,serveUserInformation
FN:677,(anonymous_57)
FN:691,validateJPEG
FN:707,validateAudioFile
FN:724,convertMP3toWAV
FN:731,(anonymous_61)
FN:738,(anonymous_62)
FN:743,onFormat
FN:753,testSpeechRecognition
FN:764,(anonymous_65)
FN:778,testImageRecognition
FN:784,(anonymous_67)
FN:795,createIndexes
FN:807,(anonymous_69)
FNF:69
FNH:40
FNDA:2,handleAudioUpload
FNDA:2,handleImageUpload
FNDA:1,insertImageIntoDatabase
FNDA:1,(anonymous_4)
FNDA:1,deleteImageFromDatabase
FNDA:1,(anonymous_6)
FNDA:1,(anonymous_7)
FNDA:1,insertAudioIntoDatabase
FNDA:1,(anonymous_9)
FNDA:1,deleteAudioFromDatabase
FNDA:1,(anonymous_11)
FNDA:1,(anonymous_12)
FNDA:2,retrieveLatestImage
FNDA:0,(anonymous_14)
FNDA:0,(anonymous_15)
FNDA:0,(anonymous_16)
FNDA:1,retrieveLatestAudio
FNDA:0,(anonymous_18)
FNDA:0,(anonymous_19)
FNDA:0,(anonymous_20)
FNDA:4,serveSensorData
FNDA:4,(anonymous_22)
FNDA:0,(anonymous_23)
FNDA:2,serveGPSData
FNDA:2,(anonymous_25)
FNDA:0,(anonymous_26)
FNDA:1,serveImagesInformation
FNDA:1,(anonymous_28)
FNDA:92,(anonymous_29)
FNDA:1,serveImage
FNDA:1,(anonymous_31)
FNDA:1,serveAudioInformation
FNDA:1,(anonymous_33)
FNDA:4,(anonymous_34)
FNDA:1,serveAudio
FNDA:1,(anonymous_36)
FNDA:0,classifyImage
FNDA:0,(anonymous_38)
FNDA:0,speechRecognition
FNDA:0,sendToSpeechRecognition
FNDA:0,(anonymous_41)
FNDA:0,analyseTone
FNDA:0,(anonymous_43)
FNDA:1,deviceStatusCallback
FNDA:0,processDroneUpdate
FNDA:31,checkUserCredentials
FNDA:31,(anonymous_47)
FNDA:1,insertUserCredentials
FNDA:1,(anonymous_49)
FNDA:1,deleteUserCredentials
FNDA:1,(anonymous_51)
FNDA:0,insertDroneCredentials
FNDA:0,(anonymous_53)
FNDA:0,(anonymous_54)
FNDA:1,requireLogin
FNDA:1,serveUserInformation
FNDA:1,(anonymous_57)
FNDA:2,validateJPEG
FNDA:2,validateAudioFile
FNDA:0,convertMP3toWAV
FNDA:0,(anonymous_61)
FNDA:0,(anonymous_62)
FNDA:0,onFormat
FNDA:0,testSpeechRecognition
FNDA:0,(anonymous_65)
FNDA:0,testImageRecognition
FNDA:0,(anonymous_67)
FNDA:0,createIndexes
FNDA:0,(anonymous_69)
DA:1,1
DA:2,1
DA:3,1
DA:4,1
DA:5,1
DA:6,1
DA:7,1
DA:8,1
DA:9,1
DA:10,1
DA:11,1
DA:12,1
DA:16,1
DA:18,1
DA:19,1
DA:21,1
DA:23,1
DA:24,1
DA:25,0
DA:26,0
DA:28,1
DA:29,1
DA:30,1
DA:32,0
DA:40,1
DA:41,1
DA:42,7
DA:43,1
DA:48,1
DA:51,1
DA:57,1
DA:58,1
DA:59,1
DA:60,1
DA:65,1
DA:68,1
DA:69,2
DA:70,2
DA:71,1
DA:72,1
DA:75,1
DA:77,1
DA:81,1
DA:82,2
DA:83,2
DA:84,1
DA:85,1
DA:88,1
DA:89,1
DA:91,1
DA:96,1
DA:98,1
DA:99,1
DA:101,1
DA:103,1
DA:104,1
DA:105,0
DA:106,0
DA:108,1
DA:109,1
DA:114,1
DA:115,1
DA:116,1
DA:117,0
DA:118,0
DA:120,1
DA:121,1
DA:122,1
DA:128,1
DA:130,1
DA:131,1
DA:133,1
DA:135,1
DA:136,1
DA:137,0
DA:138,0
DA:140,1
DA:141,1
DA:146,1
DA:147,1
DA:148,1
DA:149,0
DA:150,0
DA:152,1
DA:153,1
DA:154,1
DA:160,1
DA:161,2
DA:162,2
DA:163,2
DA:164,2
DA:165,2
DA:166,2
DA:167,2
DA:169,0
DA:170,0
DA:171,0
DA:175,0
DA:176,0
DA:177,0
DA:178,0
DA:179,0
DA:181,0
DA:182,0
DA:183,0
DA:185,0
DA:186,0
DA:187,0
DA:188,0
DA:189,0
DA:191,0
DA:192,0
DA:193,0
DA:195,0
DA:196,0
DA:197,0
DA:199,0
DA:208,1
DA:210,1
DA:211,1
DA:212,1
DA:213,1
DA:214,1
DA:215,1
DA:216,1
DA:218,0
DA:219,0
DA:220,0
DA:224,0
DA:225,0
DA:226,0
DA:227,0
DA:228,0
DA:230,0
DA:231,0
DA:232,0
DA:234,0
DA:235,0
DA:236,0
DA:237,0
DA:238,0
DA:240,0
DA:241,0
DA:242,0
DA:244,0
DA:245,0
DA:246,0
DA:248,0
DA:257,1
DA:261,4
DA:262,4
DA:264,4
DA:265,4
DA:273,4
DA:274,4
DA:275,1
DA:276,1
DA:278,1
DA:279,1
DA:280,0
DA:283,1
DA:284,1
DA:285,0
DA:289,4
DA:290,4
DA:291,4
DA:293,4
DA:295,4
DA:296,4
DA:297,4
DA:298,0
DA:299,0
DA:300,0
DA:302,4
DA:303,0
DA:304,0
DA:305,0
DA:307,4
DA:308,3
DA:309,0
DA:310,0
DA:314,4
DA:315,4
DA:316,4
DA:321,1
DA:324,2
DA:325,2
DA:327,2
DA:335,2
DA:336,2
DA:337,2
DA:338,0
DA:339,0
DA:340,0
DA:341,0
DA:343,2
DA:344,0
DA:345,0
DA:347,2
DA:348,0
DA:349,0
DA:353,2
DA:354,2
DA:359,1
DA:360,1
DA:361,1
DA:362,0
DA:363,0
DA:365,1
DA:366,92
DA:367,92
DA:369,1
DA:374,1
DA:375,1
DA:376,1
DA:377,0
DA:378,0
DA:380,1
DA:385,1
DA:386,1
DA:387,1
DA:388,0
DA:389,0
DA:391,1
DA:392,4
DA:393,4
DA:395,1
DA:400,1
DA:401,1
DA:402,1
DA:403,0
DA:404,0
DA:406,1
DA:412,1
DA:413,0
DA:415,0
DA:416,0
DA:418,0
DA:419,0
DA:420,0
DA:422,0
DA:423,0
DA:424,0
DA:470,1
DA:471,0
DA:473,0
DA:474,0
DA:476,0
DA:480,1
DA:481,0
DA:483,0
DA:489,0
DA:491,0
DA:492,0
DA:493,0
DA:495,0
DA:496,0
DA:498,0
DA:499,0
DA:500,0
DA:501,0
DA:502,0
DA:508,1
DA:509,0
DA:513,0
DA:514,0
DA:515,0
DA:517,0
DA:522,1
DA:523,1
DA:524,0
DA:528,1
DA:530,0
DA:532,0
DA:533,0
DA:535,0
DA:536,0
DA:538,0
DA:539,0
DA:541,0
DA:542,0
DA:544,0
DA:546,0
DA:552,1
DA:558,1
DA:560,31
DA:561,31
DA:562,31
DA:563,31
DA:564,31
DA:565,31
DA:566,0
DA:567,0
DA:569,31
DA:570,1
DA:571,1
DA:573,30
DA:575,30
DA:577,30
DA:579,30
DA:580,30
DA:581,30
DA:582,30
DA:583,30
DA:585,0
DA:595,1
DA:597,1
DA:598,1
DA:599,1
DA:600,1
DA:601,1
DA:603,1
DA:604,0
DA:605,0
DA:608,1
DA:609,1
DA:610,1
DA:611,1
DA:612,1
DA:613,0
DA:614,0
DA:615,0
DA:617,1
DA:618,1
DA:624,1
DA:625,1
DA:629,1
DA:630,1
DA:631,1
DA:632,0
DA:633,0
DA:634,0
DA:636,1
DA:637,1
DA:644,1
DA:645,0
DA:646,0
DA:647,0
DA:648,0
DA:649,0
DA:651,0
DA:652,0
DA:653,0
DA:654,0
DA:655,0
DA:657,0
DA:658,0
DA:665,1
DA:666,1
DA:667,1
DA:669,0
DA:673,1
DA:674,1
DA:676,1
DA:677,1
DA:678,1
DA:679,0
DA:680,0
DA:681,1
DA:682,0
DA:684,1
DA:691,1
DA:692,2
DA:693,2
DA:694,2
DA:695,1
DA:696,1
DA:698,1
DA:699,1
DA:701,0
DA:702,0
DA:707,1
DA:708,2
DA:709,2
DA:710,2
DA:711,1
DA:712,1
DA:714,1
DA:715,0
DA:716,1
DA:717,1
DA:719,0
DA:720,0
DA:724,1
DA:726,0
DA:728,0
DA:729,0
DA:731,0
DA:732,0
DA:733,0
DA:736,0
DA:738,0
DA:739,0
DA:740,0
DA:743,1
DA:744,0
DA:745,0
DA:753,1
DA:755,0
DA:757,0
DA:762,0
DA:764,0
DA:765,0
DA:766,0
DA:768,0
DA:769,0
DA:771,0
DA:772,0
DA:773,0
DA:778,1
DA:779,0
DA:781,0
DA:782,0
DA:784,0
DA:785,0
DA:786,0
DA:788,0
DA:789,0
DA:790,0
DA:795,1
DA:796,0
DA:798,0
DA:807,0
DA:808,0
DA:809,0
DA:810,0
DA:812,0
DA:816,1
LF:428
LH:231
BRDA:24,1,0,0
BRDA:24,1,1,1
BRDA:42,2,0,1
BRDA:42,2,1,6
BRDA:70,3,0,1
BRDA:70,3,1,1
BRDA:83,4,0,1
BRDA:83,4,1,1
BRDA:104,5,0,0
BRDA:104,5,1,1
BRDA:116,6,0,0
BRDA:116,6,1,1
BRDA:136,7,0,0
BRDA:136,7,1,1
BRDA:148,8,0,0
BRDA:148,8,1,1
BRDA:161,9,0,2
BRDA:161,9,1,0
BRDA:177,10,0,0
BRDA:177,10,1,0
BRDA:181,11,0,0
BRDA:181,11,1,0
BRDA:187,12,0,0
BRDA:187,12,1,0
BRDA:196,13,0,0
BRDA:196,13,1,0
BRDA:210,14,0,1
BRDA:210,14,1,0
BRDA:226,15,0,0
BRDA:226,15,1,0
BRDA:230,16,0,0
BRDA:230,16,1,0
BRDA:236,17,0,0
BRDA:236,17,1,0
BRDA:245,18,0,0
BRDA:245,18,1,0
BRDA:261,19,0,4
BRDA:261,19,1,0
BRDA:262,20,0,4
BRDA:262,20,1,2
BRDA:274,21,0,1
BRDA:274,21,1,3
BRDA:279,22,0,0
BRDA:279,22,1,1
BRDA:284,23,0,0
BRDA:284,23,1,1
BRDA:290,24,0,4
BRDA:290,24,1,0
BRDA:297,25,0,0
BRDA:297,25,1,4
BRDA:302,26,0,0
BRDA:302,26,1,4
BRDA:307,27,0,3
BRDA:307,27,1,1
BRDA:324,28,0,2
BRDA:324,28,1,0
BRDA:325,29,0,2
BRDA:325,29,1,1
BRDA:337,30,0,0
BRDA:337,30,1,2
BRDA:343,31,0,0
BRDA:343,31,1,2
BRDA:361,32,0,0
BRDA:361,32,1,1
BRDA:376,33,0,0
BRDA:376,33,1,1
BRDA:387,34,0,0
BRDA:387,34,1,1
BRDA:402,35,0,0
BRDA:402,35,1,1
BRDA:419,36,0,0
BRDA:419,36,1,0
BRDA:473,37,0,0
BRDA:473,37,1,0
BRDA:492,38,0,0
BRDA:492,38,1,0
BRDA:495,39,0,0
BRDA:495,39,1,0
BRDA:501,40,0,0
BRDA:501,40,1,0
BRDA:514,41,0,0
BRDA:514,41,1,0
BRDA:523,42,0,0
BRDA:523,42,1,1
BRDA:530,43,0,0
BRDA:530,43,1,0
BRDA:530,43,2,0
BRDA:530,43,3,0
BRDA:530,43,4,0
BRDA:530,43,5,0
BRDA:565,44,0,0
BRDA:565,44,1,31
BRDA:569,45,0,1
BRDA:569,45,1,30
BRDA:579,46,0,30
BRDA:579,46,1,0
BRDA:599,47,0,1
BRDA:599,47,1,0
BRDA:600,48,0,1
BRDA:600,48,1,1
BRDA:601,49,0,1
BRDA:601,49,1,0
BRDA:603,50,0,0
BRDA:603,50,1,1
BRDA:603,51,0,1
BRDA:603,51,1,1
BRDA:612,52,0,0
BRDA:612,52,1,1
BRDA:631,53,0,0
BRDA:631,53,1,1
BRDA:646,54,0,0
BRDA:646,54,1,0
BRDA:653,55,0,0
BRDA:653,55,1,0
BRDA:666,56,0,1
BRDA:666,56,1,0
BRDA:678,57,0,0
BRDA:678,57,1,1
BRDA:681,58,0,0
BRDA:681,58,1,1
BRDA:694,59,0,1
BRDA:694,59,1,1
BRDA:698,60,0,1
BRDA:698,60,1,0
BRDA:698,61,0,1
BRDA:698,61,1,0
BRDA:698,61,2,1
BRDA:710,62,0,1
BRDA:710,62,1,1
BRDA:714,63,0,0
BRDA:714,63,1,1
BRDA:714,64,0,1
BRDA:714,64,1,0
BRDA:714,64,2,0
BRDA:716,65,0,1
BRDA:716,65,1,0
BRDA:716,66,0,1
BRDA:716,66,1,1
BRDA:765,67,0,0
BRDA:765,67,1,0
BRDA:768,68,0,0
BRDA:768,68,1,0
BRDA:785,69,0,0
BRDA:785,69,1,0
BRDA:808,70,0,0
BRDA:808,70,1,0
BRF:146
BRH:63
end_of_record
TN:
SF:c:\Users\Jake\meng\drone\lib\drone_interpret_and_control\drone_interpret_and_control.js
FN:22,InterpretAndControl
FN:38,(anonymous_2)
FN:42,(anonymous_3)
FN:74,(anonymous_4)
FN:112,(anonymous_5)
FN:131,(anonymous_6)
FN:141,(anonymous_7)
FN:192,(anonymous_8)
FN:196,(anonymous_9)
FNF:9
FNH:7
FNDA:3,InterpretAndControl
FNDA:8,(anonymous_2)
FNDA:12,(anonymous_3)
FNDA:27,(anonymous_4)
FNDA:1,(anonymous_5)
FNDA:0,(anonymous_6)
FNDA:3,(anonymous_7)
FNDA:0,(anonymous_8)
FNDA:1,(anonymous_9)
DA:4,1
DA:5,1
DA:6,1
DA:7,1
DA:8,1
DA:13,1
DA:14,1
DA:15,1
DA:16,1
DA:17,1
DA:18,1
DA:22,1
DA:23,3
DA:24,3
DA:26,3
DA:29,3
DA:30,3
DA:31,3
DA:34,3
DA:38,1
DA:39,8
DA:42,1
DA:44,12
DA:45,3
DA:46,3
DA:48,9
DA:49,9
DA:51,9
DA:52,7
DA:55,9
DA:56,9
DA:58,3
DA:59,3
DA:61,4
DA:62,4
DA:64,1
DA:65,1
DA:67,1
DA:68,1
DA:70,0
DA:74,1
DA:77,27
DA:78,0
DA:79,0
DA:81,27
DA:83,27
DA:84,3
DA:85,3
DA:86,0
DA:87,0
DA:88,0
DA:89,0
DA:94,27
DA:96,27
DA:97,6
DA:98,0
DA:101,27
DA:102,27
DA:103,1
DA:104,1
DA:105,1
DA:112,1
DA:113,1
DA:115,1
DA:116,2
DA:117,1
DA:119,1
DA:123,1
DA:128,1
DA:131,1
DA:132,0
DA:136,0
DA:141,1
DA:155,3
DA:156,3
DA:157,3
DA:159,3
DA:160,3
DA:162,3
DA:163,3
DA:172,3
DA:192,1
DA:193,0
DA:196,1
DA:197,1
DA:198,1
DA:201,1
LF:87
LH:76
BRDA:44,1,0,3
BRDA:44,1,1,9
BRDA:51,2,0,7
BRDA:51,2,1,2
BRDA:56,3,0,3
BRDA:56,3,1,4
BRDA:56,3,2,1
BRDA:56,3,3,1
BRDA:56,3,4,0
BRDA:77,4,0,0
BRDA:77,4,1,27
BRDA:83,5,0,3
BRDA:83,5,1,24
BRDA:84,6,0,3
BRDA:84,6,1,0
BRDA:84,7,0,3
BRDA:84,7,1,3
BRDA:86,8,0,0
BRDA:86,8,1,0
BRDA:88,9,0,0
BRDA:88,9,1,0
BRDA:88,10,0,0
BRDA:88,10,1,0
BRDA:97,11,0,0
BRDA:97,11,1,6
BRDA:102,12,0,1
BRDA:102,12,1,1
BRDA:104,13,0,1
BRDA:104,13,1,0
BRDA:116,14,0,1
BRDA:116,14,1,1
BRDA:156,15,0,3
BRDA:156,15,1,0
BRDA:159,16,0,3
BRDA:159,16,1,0
BRDA:162,17,0,3
BRDA:162,17,1,0
BRF:37
BRH:23
end_of_record
TN:
SF:c:\Users\Jake\meng\drone\lib\drone_interpret_and_control\modes\normal.js
FN:3,ModeNormal
FN:13,(anonymous_2)
FN:15,(anonymous_3)
FN:61,(anonymous_4)
FN:66,(anonymous_5)
FNF:5
FNH:3
FNDA:12,ModeNormal
FNDA:8,(anonymous_2)
FNDA:1,(anonymous_3)
FNDA:0,(anonymous_4)
FNDA:0,(anonymous_5)
DA:1,1
DA:2,1
DA:3,1
DA:4,12
DA:6,12
DA:7,12
DA:10,1
DA:11,1
DA:13,8
DA:15,1
DA:16,1
DA:17,1
DA:18,1
DA:19,2
DA:20,1
DA:23,1
DA:24,1
DA:25,0
DA:28,1
DA:32,1
DA:35,1
DA:36,1
DA:40,0
DA:41,0
DA:43,0
DA:44,0
DA:46,0
DA:49,0
DA:50,0
DA:53,0
DA:54,0
DA:58,1
DA:61,1
DA:62,0
DA:63,0
DA:66,1
DA:67,0
DA:71,0
DA:72,0
DA:73,0
DA:74,0
DA:75,0
DA:77,0
DA:82,1
LF:44
LH:25
BRDA:19,1,0,1
BRDA:19,1,1,1
BRDA:24,2,0,0
BRDA:24,2,1,1
BRDA:24,3,0,1
BRDA:24,3,1,1
BRDA:28,4,0,0
BRDA:28,4,1,1
BRDA:28,4,2,1
BRDA:28,4,3,0
BRDA:28,4,4,0
BRDA:28,4,5,0
BRDA:28,4,6,0
BRDA:28,4,7,0
BRDA:71,5,0,0
BRDA:71,5,1,0
BRF:16
BRH:7
end_of_record
TN:
SF:c:\Users\Jake\meng\drone\lib\drone_interpret_and_control\modes\base.js
FN:18,ModeBase
FN:23,(anonymous_2)
FN:27,(anonymous_3)
FN:55,(anonymous_4)
FN:66,(anonymous_5)
FN:70,(anonymous_6)
FN:74,(anonymous_7)
FN:78,(anonymous_8)
FN:85,(anonymous_9)
FN:102,(anonymous_10)
FN:127,(anonymous_11)
FN:132,(anonymous_12)
FN:144,(anonymous_13)
FN:154,(anonymous_14)
FN:161,(anonymous_15)
FN:169,(anonymous_16)
FN:178,(anonymous_17)
FN:186,(anonymous_18)
FN:190,(anonymous_19)
FNF:19
FNH:6
FNDA:12,ModeBase
FNDA:0,(anonymous_2)
FNDA:0,(anonymous_3)
FNDA:0,(anonymous_4)
FNDA:0,(anonymous_5)
FNDA:0,(anonymous_6)
FNDA:0,(anonymous_7)
FNDA:3,(anonymous_8)
FNDA:1,(anonymous_9)
FNDA:0,(anonymous_10)
FNDA:3,(anonymous_11)
FNDA:0,(anonymous_12)
FNDA:0,(anonymous_13)
FNDA:0,(anonymous_14)
FNDA:0,(anonymous_15)
FNDA:5,(anonymous_16)
FNDA:0,(anonymous_17)
FNDA:0,(anonymous_18)
FNDA:1,(anonymous_19)
DA:2,1
DA:3,1
DA:4,1
DA:5,1
DA:6,1
DA:7,1
DA:10,1
DA:11,1
DA:12,1
DA:13,1
DA:14,1
DA:15,1
DA:18,1
DA:19,12
DA:20,12
DA:23,1
DA:27,1
DA:28,0
DA:29,0
DA:30,0
DA:31,0
DA:33,0
DA:35,0
DA:36,0
DA:38,0
DA:39,0
DA:41,0
DA:42,0
DA:44,0
DA:45,0
DA:47,0
DA:48,0
DA:52,0
DA:55,1
DA:56,0
DA:59,0
DA:60,0
DA:61,0
DA:63,0
DA:66,1
DA:67,0
DA:70,1
DA:71,0
DA:74,1
DA:75,0
DA:78,1
DA:79,3
DA:85,1
DA:86,1
DA:87,0
DA:90,1
DA:91,1
DA:92,0
DA:95,1
DA:96,1
DA:97,1
DA:98,1
DA:102,1
DA:103,0
DA:104,0
DA:105,0
DA:127,1
DA:128,3
DA:129,3
DA:132,3
DA:133,0
DA:134,0
DA:135,0
DA:138,3
DA:144,3
DA:145,0
DA:146,0
DA:147,0
DA:154,1
DA:155,0
DA:156,0
DA:157,0
DA:161,0
DA:162,0
DA:163,0
DA:164,0
DA:169,1
DA:171,5
DA:175,5
DA:178,1
DA:179,0
DA:183,0
DA:186,1
DA:187,0
DA:190,1
DA:191,1
DA:195,1
LF:92
LH:47
BRDA:30,1,0,0
BRDA:30,1,1,0
BRDA:33,2,0,0
BRDA:33,2,1,0
BRDA:33,2,2,0
BRDA:33,2,3,0
BRDA:33,2,4,0
BRDA:33,2,5,0
BRDA:59,3,0,0
BRDA:59,3,1,0
BRDA:86,4,0,0
BRDA:86,4,1,1
BRDA:103,5,0,0
BRDA:103,5,1,0
BRDA:133,6,0,0
BRDA:133,6,1,0
BRDA:145,7,0,0
BRDA:145,7,1,0
BRDA:162,8,0,0
BRDA:162,8,1,0
BRF:20
BRH:1
end_of_record
TN:
SF:c:\Users\Jake\meng\drone\lib\drone_interpret_and_control\modes\interact.js
FN:3,ModeInteract
FN:13,(anonymous_2)
FNF:2
FNH:2
FNDA:1,ModeInteract
FNDA:2,(anonymous_2)
DA:1,1
DA:3,1
DA:4,1
DA:6,1
DA:10,1
DA:11,1
DA:13,2
DA:15,1
LF:8
LH:8
BRF:0
BRH:0
end_of_record
TN:
SF:c:\Users\Jake\meng\drone\lib\drone_interpret_and_control\modes\fire.js
FN:3,ModeFire
FN:14,(anonymous_2)
FNF:2
FNH:2
FNDA:4,ModeFire
FNDA:11,(anonymous_2)
DA:1,1
DA:3,1
DA:5,4
DA:7,4
DA:11,1
DA:12,1
DA:14,11
DA:19,1
LF:8
LH:8
BRF:0
BRH:0
end_of_record
TN:
SF:c:\Users\Jake\meng\drone\lib\drone_interpret_and_control\modes\avoidance.js
FN:3,ModeAvoidance
FN:11,(anonymous_2)
FNF:2
FNH:2
FNDA:1,ModeAvoidance
FNDA:2,(anonymous_2)
DA:1,1
DA:3,1
DA:4,1
DA:9,1
DA:10,1
DA:11,2
DA:14,1
LF:7
LH:7
BRF:0
BRH:0
end_of_record
TN:
SF:c:\Users\Jake\meng\drone\lib\MqttHandler.js
FN:5,(anonymous_1)
FN:18,(anonymous_2)
FN:26,(anonymous_3)
FN:36,(anonymous_4)
FN:45,(anonymous_5)
FN:53,(anonymous_6)
FNF:6
FNH:3
FNDA:1,(anonymous_1)
FNDA:1,(anonymous_2)
FNDA:0,(anonymous_3)
FNDA:0,(anonymous_4)
FNDA:1,(anonymous_5)
FNDA:0,(anonymous_6)
DA:2,1
DA:3,1
DA:5,1
DA:7,1
DA:14,1
DA:16,1
DA:18,1
DA:19,1
DA:20,1
DA:24,1
DA:26,1
DA:27,0
DA:32,1
DA:36,1
DA:37,0
DA:38,0
DA:45,1
DA:46,1
DA:47,1
DA:53,1
DA:54,0
DA:58,1
LF:22
LH:18
BRF:0
BRH:0
end_of_record
TN:
SF:c:\Users\Jake\meng\drone\lib\ibm_services.js
FNF:0
FNH:0
DA:1,1
DA:2,1
DA:3,1
DA:4,1
DA:5,1
DA:6,1
DA:7,1
DA:10,1
DA:11,1
DA:12,0
DA:13,0
DA:15,1
DA:16,1
DA:17,1
DA:19,0
DA:24,1
DA:25,1
DA:26,7
DA:27,1
DA:28,6
DA:29,1
DA:30,5
DA:31,1
DA:32,4
DA:33,1
DA:34,3
DA:35,1
DA:36,2
DA:37,1
DA:43,1
DA:44,0
DA:45,0
DA:46,1
DA:47,0
DA:48,0
DA:49,1
DA:50,0
DA:51,0
DA:52,1
DA:53,0
DA:55,1
DA:56,0
DA:57,0
DA:58,1
DA:59,0
DA:60,0
DA:65,1
DA:66,1
DA:67,1
DA:73,1
DA:74,1
DA:75,1
DA:83,1
DA:84,1
DA:85,1
DA:92,1
DA:95,1
LF:57
LH:43
BRDA:11,1,0,0
BRDA:11,1,1,1
BRDA:26,2,0,1
BRDA:26,2,1,6
BRDA:28,3,0,1
BRDA:28,3,1,5
BRDA:30,4,0,1
BRDA:30,4,1,4
BRDA:32,5,0,1
BRDA:32,5,1,3
BRDA:34,6,0,1
BRDA:34,6,1,2
BRDA:36,7,0,1
BRDA:36,7,1,1
BRDA:43,8,0,0
BRDA:43,8,1,1
BRDA:46,9,0,0
BRDA:46,9,1,1
BRDA:49,10,0,0
BRDA:49,10,1,1
BRDA:52,11,0,0
BRDA:52,11,1,1
BRDA:55,12,0,0
BRDA:55,12,1,1
BRDA:58,13,0,0
BRDA:58,13,1,1
BRF:26
BRH:19
end_of_record
TN:
SF:c:\Users\Jake\meng\drone\lib\router.js
FN:12,(anonymous_1)
FN:15,(anonymous_2)
FN:41,(anonymous_3)
FN:49,(anonymous_4)
FN:56,(anonymous_5)
FN:116,(anonymous_6)
FN:129,(anonymous_7)
FN:143,(anonymous_8)
FN:159,(anonymous_9)
FN:171,(anonymous_10)
FN:184,(anonymous_11)
FN:198,(anonymous_12)
FN:211,(anonymous_13)
FN:225,(anonymous_14)
FN:237,(anonymous_15)
FN:247,(anonymous_16)
FN:259,(anonymous_17)
FN:273,(anonymous_18)
FN:293,(anonymous_19)
FN:310,(anonymous_20)
FN:323,(anonymous_21)
FN:336,(anonymous_22)
FN:341,(anonymous_23)
FN:348,(anonymous_24)
FN:355,(anonymous_25)
FN:367,(anonymous_26)
FNF:26
FNH:24
FNDA:4,(anonymous_1)
FNDA:4,(anonymous_2)
FNDA:4,(anonymous_3)
FNDA:5,(anonymous_4)
FNDA:17,(anonymous_5)
FNDA:0,(anonymous_6)
FNDA:2,(anonymous_7)
FNDA:1,(anonymous_8)
FNDA:1,(anonymous_9)
FNDA:0,(anonymous_10)
FNDA:1,(anonymous_11)
FNDA:1,(anonymous_12)
FNDA:1,(anonymous_13)
FNDA:1,(anonymous_14)
FNDA:2,(anonymous_15)
FNDA:1,(anonymous_16)
FNDA:1,(anonymous_17)
FNDA:1,(anonymous_18)
FNDA:1,(anonymous_19)
FNDA:1,(anonymous_20)
FNDA:1,(anonymous_21)
FNDA:1,(anonymous_22)
FNDA:8,(anonymous_23)
FNDA:4,(anonymous_24)
FNDA:11,(anonymous_25)
FNDA:4,(anonymous_26)
DA:1,1
DA:2,1
DA:3,1
DA:5,1
DA:7,1
DA:9,1
DA:11,1
DA:13,4
DA:16,4
DA:21,1
DA:24,1
DA:39,1
DA:41,1
DA:42,4
DA:43,3
DA:45,1
DA:49,1
DA:50,5
DA:51,5
DA:53,0
DA:56,1
DA:57,17
DA:58,17
DA:60,0
DA:116,1
DA:117,0
DA:129,1
DA:130,2
DA:143,1
DA:144,1
DA:159,1
DA:160,1
DA:161,1
DA:171,1
DA:172,0
DA:184,1
DA:185,1
DA:198,1
DA:199,1
DA:211,1
DA:212,1
DA:225,1
DA:226,1
DA:237,1
DA:238,2
DA:247,1
DA:248,1
DA:259,1
DA:260,1
DA:273,1
DA:274,1
DA:285,1
DA:293,1
DA:294,1
DA:310,1
DA:311,1
DA:323,1
DA:324,1
DA:336,1
DA:337,1
DA:341,1
DA:342,8
DA:343,7
DA:345,1
DA:348,1
DA:349,4
DA:350,3
DA:352,1
DA:355,1
DA:356,11
DA:357,3
DA:358,2
DA:359,1
DA:360,1
DA:364,8
DA:367,1
DA:368,4
DA:369,3
DA:371,1
DA:375,1
LF:80
LH:76
BRDA:42,1,0,3
BRDA:42,1,1,1
BRDA:50,2,0,5
BRDA:50,2,1,0
BRDA:57,3,0,17
BRDA:57,3,1,0
BRDA:342,4,0,7
BRDA:342,4,1,1
BRDA:349,5,0,3
BRDA:349,5,1,1
BRDA:356,6,0,3
BRDA:356,6,1,8
BRDA:357,7,0,2
BRDA:357,7,1,1
BRDA:359,8,0,1
BRDA:359,8,1,0
BRDA:368,9,0,3
BRDA:368,9,1,1
BRDA:368,10,0,4
BRDA:368,10,1,1
BRF:20
BRH:17
end_of_record
